{"meta": {"format": 3, "version": "7.13.4", "timestamp": "2026-05-19T09:03:06.216895", "branch_coverage": false, "show_contexts": false}, "files": {"code/__init__.py": {"executed_lines": [], "summary": {"covered_lines": 0, "num_statements": 0, "percent_covered": 100.0, "percent_covered_display": "100", "missing_lines": 0, "excluded_lines": 0, "percent_statements_covered": 100.0, "percent_statements_covered_display": "100"}, "missing_lines": [], "excluded_lines": [], "functions": {"": {"executed_lines": [], "summary": {"covered_lines": 0, "num_statements": 0, "percent_covered": 100.0, "percent_covered_display": "100", "missing_lines": 0, "excluded_lines": 0, "percent_statements_covered": 100.0, "percent_statements_covered_display": "100"}, "missing_lines": [], "excluded_lines": [], "start_line": 1}}, "classes": {"": {"executed_lines": [], "summary": {"covered_lines": 0, "num_statements": 0, "percent_covered": 100.0, "percent_covered_display": "100", "missing_lines": 0, "excluded_lines": 0, "percent_statements_covered": 100.0, "percent_statements_covered_display": "100"}, "missing_lines": [], "excluded_lines": [], "start_line": 1}}}, "code/auth.py": {"executed_lines": [3, 4, 5, 6, 8, 12, 13, 14, 17, 21, 22, 24, 32, 33, 35, 36, 38], "summary": {"covered_lines": 17, "num_statements": 17, "percent_covered": 100.0, "percent_covered_display": "100", "missing_lines": 0, "excluded_lines": 0, "percent_statements_covered": 100.0, "percent_statements_covered_display": "100"}, "missing_lines": [], "excluded_lines": [], "functions": {"api_key_auth": {"executed_lines": [21, 22, 24, 32, 33, 35, 36, 38], "summary": {"covered_lines": 8, "num_statements": 8, "percent_covered": 100.0, "percent_covered_display": "100", "missing_lines": 0, "excluded_lines": 0, "percent_statements_covered": 100.0, "percent_statements_covered_display": "100"}, "missing_lines": [], "excluded_lines": [], "start_line": 17}, "": {"executed_lines": [3, 4, 5, 6, 8, 12, 13, 14, 17], "summary": {"covered_lines": 9, "num_statements": 9, "percent_covered": 100.0, "percent_covered_display": "100", "missing_lines": 0, "excluded_lines": 0, "percent_statements_covered": 100.0, "percent_statements_covered_display": "100"}, "missing_lines": [], "excluded_lines": [], "start_line": 1}}, "classes": {"": {"executed_lines": [3, 4, 5, 6, 8, 12, 13, 14, 17, 21, 22, 24, 32, 33, 35, 36, 38], "summary": {"covered_lines": 17, "num_statements": 17, "percent_covered": 100.0, "percent_covered_display": "100", "missing_lines": 0, "excluded_lines": 0, "percent_statements_covered": 100.0, "percent_statements_covered_display": "100"}, "missing_lines": [], "excluded_lines": [], "start_line": 1}}}, "code/bulk/__init__.py": {"executed_lines": [], "summary": {"covered_lines": 0, "num_statements": 0, "percent_covered": 100.0, "percent_covered_display": "100", "missing_lines": 0, "excluded_lines": 0, "percent_statements_covered": 100.0, "percent_statements_covered_display": "100"}, "missing_lines": [], "excluded_lines": [], "functions": {"": {"executed_lines": [], "summary": {"covered_lines": 0, "num_statements": 0, "percent_covered": 100.0, "percent_covered_display": "100", "missing_lines": 0, "excluded_lines": 0, "percent_statements_covered": 100.0, "percent_statements_covered_display": "100"}, "missing_lines": [], "excluded_lines": [], "start_line": 1}}, "classes": {"": {"executed_lines": [], "summary": {"covered_lines": 0, "num_statements": 0, "percent_covered": 100.0, "percent_covered_display": "100", "missing_lines": 0, "excluded_lines": 0, "percent_statements_covered": 100.0, "percent_statements_covered_display": "100"}, "missing_lines": [], "excluded_lines": [], "start_line": 1}}}, "code/bulk/executor.py": {"executed_lines": [5, 6, 7, 9, 10, 11, 12, 13, 15, 16, 17, 18, 21, 22, 23, 25, 27, 30, 31, 32, 33, 34, 35, 36, 38, 41, 47, 48, 49, 50, 51, 54, 62, 66, 67, 68, 69, 70, 71, 72, 73, 74, 77, 78, 81, 85, 86, 87, 88, 89, 91, 92, 105, 106, 107, 119, 120, 121, 125, 126, 191, 192, 201, 207, 212, 213, 214, 216, 217, 218, 219, 220, 223, 224, 225, 226, 228, 234, 235, 236], "summary": {"covered_lines": 80, "num_statements": 110, "percent_covered": 72.72727272727273, "percent_covered_display": "73", "missing_lines": 30, "excluded_lines": 0, "percent_statements_covered": 72.72727272727273, "percent_statements_covered_display": "73"}, "missing_lines": [24, 26, 37, 75, 93, 94, 109, 122, 129, 130, 132, 142, 143, 144, 146, 156, 157, 158, 159, 162, 163, 166, 167, 169, 180, 208, 221, 222, 237, 238], "excluded_lines": [], "functions": {"normalize_bulk_path": {"executed_lines": [22, 23, 25, 27], "summary": {"covered_lines": 4, "num_statements": 6, "percent_covered": 66.66666666666667, "percent_covered_display": "67", "missing_lines": 2, "excluded_lines": 0, "percent_statements_covered": 66.66666666666667, "percent_statements_covered_display": "67"}, "missing_lines": [24, 26], "excluded_lines": [], "start_line": 21}, "resolve_bulk_id": {"executed_lines": [31, 32, 33, 34, 35, 36, 38], "summary": {"covered_lines": 7, "num_statements": 8, "percent_covered": 87.5, "percent_covered_display": "88", "missing_lines": 1, "excluded_lines": 0, "percent_statements_covered": 87.5, "percent_statements_covered_display": "88"}, "missing_lines": [37], "excluded_lines": [], "start_line": 30}, "_register_bulk_id": {"executed_lines": [47, 48, 49, 50, 51], "summary": {"covered_lines": 5, "num_statements": 5, "percent_covered": 100.0, "percent_covered_display": "100", "missing_lines": 0, "excluded_lines": 0, "percent_statements_covered": 100.0, "percent_statements_covered_display": "100"}, "missing_lines": [], "excluded_lines": [], "start_line": 41}, "_operation_response": {"executed_lines": [62, 66, 67, 68, 69, 70, 71, 72, 73, 74, 77, 78], "summary": {"covered_lines": 12, "num_statements": 13, "percent_covered": 92.3076923076923, "percent_covered_display": "92", "missing_lines": 1, "excluded_lines": 0, "percent_statements_covered": 92.3076923076923, "percent_statements_covered_display": "92"}, "missing_lines": [75], "excluded_lines": [], "start_line": 54}, "execute_single_operation": {"executed_lines": [85, 86, 87, 88, 89, 91, 92, 105, 106, 107, 119, 120, 121, 125, 126, 191, 192], "summary": {"covered_lines": 17, "num_statements": 38, "percent_covered": 44.73684210526316, "percent_covered_display": "45", "missing_lines": 21, "excluded_lines": 0, "percent_statements_covered": 44.73684210526316, "percent_statements_covered_display": "45"}, "missing_lines": [93, 94, 109, 122, 129, 130, 132, 142, 143, 144, 146, 156, 157, 158, 159, 162, 163, 166, 167, 169, 180], "excluded_lines": [], "start_line": 81}, "execute_bulk": {"executed_lines": [207, 212, 213, 214, 216, 217, 218, 219, 220, 223, 224, 225, 226, 228], "summary": {"covered_lines": 14, "num_statements": 17, "percent_covered": 82.3529411764706, "percent_covered_display": "82", "missing_lines": 3, "excluded_lines": 0, "percent_statements_covered": 82.3529411764706, "percent_statements_covered_display": "82"}, "missing_lines": [208, 221, 222], "excluded_lines": [], "start_line": 201}, "is_bulk_operation_error": {"executed_lines": [235, 236], "summary": {"covered_lines": 2, "num_statements": 4, "percent_covered": 50.0, "percent_covered_display": "50", "missing_lines": 2, "excluded_lines": 0, "percent_statements_covered": 50.0, "percent_statements_covered_display": "50"}, "missing_lines": [237, 238], "excluded_lines": [], "start_line": 234}, "": {"executed_lines": [5, 6, 7, 9, 10, 11, 12, 13, 15, 16, 17, 18, 21, 30, 41, 54, 81, 201, 234], "summary": {"covered_lines": 19, "num_statements": 19, "percent_covered": 100.0, "percent_covered_display": "100", "missing_lines": 0, "excluded_lines": 0, "percent_statements_covered": 100.0, "percent_statements_covered_display": "100"}, "missing_lines": [], "excluded_lines": [], "start_line": 1}}, "classes": {"": {"executed_lines": [5, 6, 7, 9, 10, 11, 12, 13, 15, 16, 17, 18, 21, 22, 23, 25, 27, 30, 31, 32, 33, 34, 35, 36, 38, 41, 47, 48, 49, 50, 51, 54, 62, 66, 67, 68, 69, 70, 71, 72, 73, 74, 77, 78, 81, 85, 86, 87, 88, 89, 91, 92, 105, 106, 107, 119, 120, 121, 125, 126, 191, 192, 201, 207, 212, 213, 214, 216, 217, 218, 219, 220, 223, 224, 225, 226, 228, 234, 235, 236], "summary": {"covered_lines": 80, "num_statements": 110, "percent_covered": 72.72727272727273, "percent_covered_display": "73", "missing_lines": 30, "excluded_lines": 0, "percent_statements_covered": 72.72727272727273, "percent_statements_covered_display": "73"}, "missing_lines": [24, 26, 37, 75, 93, 94, 109, 122, 129, 130, 132, 142, 143, 144, 146, 156, 157, 158, 159, 162, 163, 166, 167, 169, 180, 208, 221, 222, 237, 238], "excluded_lines": [], "start_line": 1}}}, "code/data/__init__.py": {"executed_lines": [3, 5, 8, 10, 11, 14, 17, 20, 23, 26, 29, 30, 33, 34, 40, 41, 42, 43, 44, 46, 47, 50, 69, 74, 79, 92, 105, 125, 127, 128], "summary": {"covered_lines": 30, "num_statements": 54, "percent_covered": 55.55555555555556, "percent_covered_display": "56", "missing_lines": 24, "excluded_lines": 0, "percent_statements_covered": 55.55555555555556, "percent_statements_covered_display": "56"}, "missing_lines": [51, 53, 54, 56, 57, 59, 60, 62, 65, 70, 72, 73, 75, 77, 78, 80, 82, 87, 93, 95, 100, 106, 108, 116], "excluded_lines": [], "functions": {"user_dn": {"executed_lines": [], "summary": {"covered_lines": 0, "num_statements": 1, "percent_covered": 0.0, "percent_covered_display": "0", "missing_lines": 1, "excluded_lines": 0, "percent_statements_covered": 0.0, "percent_statements_covered_display": "0"}, "missing_lines": [54], "excluded_lines": [], "start_line": 53}, "group_dn": {"executed_lines": [], "summary": {"covered_lines": 0, "num_statements": 1, "percent_covered": 0.0, "percent_covered_display": "0", "missing_lines": 1, "excluded_lines": 0, "percent_statements_covered": 0.0, "percent_statements_covered_display": "0"}, "missing_lines": [57], "excluded_lines": [], "start_line": 56}, "": {"executed_lines": [3, 5, 8, 10, 11, 14, 17, 20, 23, 26, 29, 30, 33, 34, 40, 41, 42, 43, 44, 46, 47, 50, 69, 74, 79, 92, 105, 125, 127, 128], "summary": {"covered_lines": 30, "num_statements": 52, "percent_covered": 57.69230769230769, "percent_covered_display": "58", "missing_lines": 22, "excluded_lines": 0, "percent_statements_covered": 57.69230769230769, "percent_statements_covered_display": "58"}, "missing_lines": [51, 53, 56, 59, 60, 62, 65, 70, 72, 73, 75, 77, 78, 80, 82, 87, 93, 95, 100, 106, 108, 116], "excluded_lines": [], "start_line": 1}}, "classes": {"": {"executed_lines": [3, 5, 8, 10, 11, 14, 17, 20, 23, 26, 29, 30, 33, 34, 40, 41, 42, 43, 44, 46, 47, 50, 69, 74, 79, 92, 105, 125, 127, 128], "summary": {"covered_lines": 30, "num_statements": 54, "percent_covered": 55.55555555555556, "percent_covered_display": "56", "missing_lines": 24, "excluded_lines": 0, "percent_statements_covered": 55.55555555555556, "percent_statements_covered_display": "56"}, "missing_lines": [51, 53, 54, 56, 57, 59, 60, 62, 65, 70, 72, 73, 75, 77, 78, 80, 82, 87, 93, 95, 100, 106, 108, 116], "excluded_lines": [], "start_line": 1}}}, "code/data/groups.py": {"executed_lines": [3, 4, 6, 7, 8, 9, 10, 11, 12, 14, 15, 18, 19, 22, 23, 24, 25, 27, 30, 31, 33, 34, 35, 36, 42, 45, 46, 47, 48, 49, 51, 52, 54, 55, 56, 59, 61, 70, 75, 76, 77, 81, 82, 85, 86, 88, 89, 100, 102, 104, 106, 109], "summary": {"covered_lines": 52, "num_statements": 66, "percent_covered": 78.78787878787878, "percent_covered_display": "79", "missing_lines": 14, "excluded_lines": 0, "percent_statements_covered": 78.78787878787878, "percent_statements_covered_display": "79"}, "missing_lines": [57, 83, 90, 92, 93, 94, 96, 98, 110, 111, 112, 113, 116, 117], "excluded_lines": [], "functions": {"del_group_resource": {"executed_lines": [19], "summary": {"covered_lines": 1, "num_statements": 1, "percent_covered": 100.0, "percent_covered_display": "100", "missing_lines": 0, "excluded_lines": 0, "percent_statements_covered": 100.0, "percent_statements_covered_display": "100"}, "missing_lines": [], "excluded_lines": [], "start_line": 18}, "get_group_resource": {"executed_lines": [23, 24, 25, 27], "summary": {"covered_lines": 4, "num_statements": 4, "percent_covered": 100.0, "percent_covered_display": "100", "missing_lines": 0, "excluded_lines": 0, "percent_statements_covered": 100.0, "percent_statements_covered_display": "100"}, "missing_lines": [], "excluded_lines": [], "start_line": 22}, "get_group_resources": {"executed_lines": [31, 33, 34, 35, 36, 42], "summary": {"covered_lines": 6, "num_statements": 6, "percent_covered": 100.0, "percent_covered_display": "100", "missing_lines": 0, "excluded_lines": 0, "percent_statements_covered": 100.0, "percent_statements_covered_display": "100"}, "missing_lines": [], "excluded_lines": [], "start_line": 30}, "put_group_resource": {"executed_lines": [46, 47, 48, 49, 51, 52, 54, 55, 56, 59, 61, 70, 75, 76, 77, 81, 82, 85, 86, 88, 89, 100, 102, 104, 106], "summary": {"covered_lines": 25, "num_statements": 33, "percent_covered": 75.75757575757575, "percent_covered_display": "76", "missing_lines": 8, "excluded_lines": 0, "percent_statements_covered": 75.75757575757575, "percent_statements_covered_display": "76"}, "missing_lines": [57, 83, 90, 92, 93, 94, 96, 98], "excluded_lines": [], "start_line": 45}, "remove_member": {"executed_lines": [], "summary": {"covered_lines": 0, "num_statements": 6, "percent_covered": 0.0, "percent_covered_display": "0", "missing_lines": 6, "excluded_lines": 0, "percent_statements_covered": 0.0, "percent_statements_covered_display": "0"}, "missing_lines": [110, 111, 112, 113, 116, 117], "excluded_lines": [], "start_line": 109}, "": {"executed_lines": [3, 4, 6, 7, 8, 9, 10, 11, 12, 14, 15, 18, 22, 30, 45, 109], "summary": {"covered_lines": 16, "num_statements": 16, "percent_covered": 100.0, "percent_covered_display": "100", "missing_lines": 0, "excluded_lines": 0, "percent_statements_covered": 100.0, "percent_statements_covered_display": "100"}, "missing_lines": [], "excluded_lines": [], "start_line": 1}}, "classes": {"": {"executed_lines": [3, 4, 6, 7, 8, 9, 10, 11, 12, 14, 15, 18, 19, 22, 23, 24, 25, 27, 30, 31, 33, 34, 35, 36, 42, 45, 46, 47, 48, 49, 51, 52, 54, 55, 56, 59, 61, 70, 75, 76, 77, 81, 82, 85, 86, 88, 89, 100, 102, 104, 106, 109], "summary": {"covered_lines": 52, "num_statements": 66, "percent_covered": 78.78787878787878, "percent_covered_display": "79", "missing_lines": 14, "excluded_lines": 0, "percent_statements_covered": 78.78787878787878, "percent_statements_covered_display": "79"}, "missing_lines": [57, 83, 90, 92, 93, 94, 96, 98, 110, 111, 112, 113, 116, 117], "excluded_lines": [], "start_line": 1}}}, "code/data/plugins/__init__.py": {"executed_lines": [1, 2, 3, 6, 11, 12, 14, 15, 17, 18, 20, 23, 26, 29], "summary": {"covered_lines": 14, "num_statements": 18, "percent_covered": 77.77777777777777, "percent_covered_display": "78", "missing_lines": 4, "excluded_lines": 0, "percent_statements_covered": 77.77777777777777, "percent_statements_covered_display": "78"}, "missing_lines": [21, 24, 27, 30], "excluded_lines": [], "functions": {"Plugin.__init__": {"executed_lines": [15], "summary": {"covered_lines": 1, "num_statements": 1, "percent_covered": 100.0, "percent_covered_display": "100", "missing_lines": 0, "excluded_lines": 0, "percent_statements_covered": 100.0, "percent_statements_covered_display": "100"}, "missing_lines": [], "excluded_lines": [], "start_line": 14}, "Plugin.id": {"executed_lines": [18], "summary": {"covered_lines": 1, "num_statements": 1, "percent_covered": 100.0, "percent_covered_display": "100", "missing_lines": 0, "excluded_lines": 0, "percent_statements_covered": 100.0, "percent_statements_covered_display": "100"}, "missing_lines": [], "excluded_lines": [], "start_line": 17}, "Plugin.__iter__": {"executed_lines": [], "summary": {"covered_lines": 0, "num_statements": 1, "percent_covered": 0.0, "percent_covered_display": "0", "missing_lines": 1, "excluded_lines": 0, "percent_statements_covered": 0.0, "percent_statements_covered_display": "0"}, "missing_lines": [21], "excluded_lines": [], "start_line": 20}, "Plugin.__delete__": {"executed_lines": [], "summary": {"covered_lines": 0, "num_statements": 1, "percent_covered": 0.0, "percent_covered_display": "0", "missing_lines": 1, "excluded_lines": 0, "percent_statements_covered": 0.0, "percent_statements_covered_display": "0"}, "missing_lines": [24], "excluded_lines": [], "start_line": 23}, "Plugin.__getitem__": {"executed_lines": [], "summary": {"covered_lines": 0, "num_statements": 1, "percent_covered": 0.0, "percent_covered_display": "0", "missing_lines": 1, "excluded_lines": 0, "percent_statements_covered": 0.0, "percent_statements_covered_display": "0"}, "missing_lines": [27], "excluded_lines": [], "start_line": 26}, "Plugin.__setitem__": {"executed_lines": [], "summary": {"covered_lines": 0, "num_statements": 1, "percent_covered": 0.0, "percent_covered_display": "0", "missing_lines": 1, "excluded_lines": 0, "percent_statements_covered": 0.0, "percent_statements_covered_display": "0"}, "missing_lines": [30], "excluded_lines": [], "start_line": 29}, "": {"executed_lines": [1, 2, 3, 6, 11, 12, 14, 17, 20, 23, 26, 29], "summary": {"covered_lines": 12, "num_statements": 12, "percent_covered": 100.0, "percent_covered_display": "100", "missing_lines": 0, "excluded_lines": 0, "percent_statements_covered": 100.0, "percent_statements_covered_display": "100"}, "missing_lines": [], "excluded_lines": [], "start_line": 1}}, "classes": {"Plugin": {"executed_lines": [15, 18], "summary": {"covered_lines": 2, "num_statements": 6, "percent_covered": 33.333333333333336, "percent_covered_display": "33", "missing_lines": 4, "excluded_lines": 0, "percent_statements_covered": 33.333333333333336, "percent_statements_covered_display": "33"}, "missing_lines": [21, 24, 27, 30], "excluded_lines": [], "start_line": 6}, "": {"executed_lines": [1, 2, 3, 6, 11, 12, 14, 17, 20, 23, 26, 29], "summary": {"covered_lines": 12, "num_statements": 12, "percent_covered": 100.0, "percent_covered_display": "100", "missing_lines": 0, "excluded_lines": 0, "percent_statements_covered": 100.0, "percent_statements_covered_display": "100"}, "missing_lines": [], "excluded_lines": [], "start_line": 1}}}, "code/data/plugins/file.py": {"executed_lines": [1, 2, 4, 5, 7, 9, 10, 13, 15, 20, 21, 22, 24, 29, 30, 32, 33, 35, 36, 38, 40, 41, 43, 44, 48, 49, 50, 52, 53, 57, 61], "summary": {"covered_lines": 31, "num_statements": 31, "percent_covered": 100.0, "percent_covered_display": "100", "missing_lines": 0, "excluded_lines": 0, "percent_statements_covered": 100.0, "percent_statements_covered_display": "100"}, "missing_lines": [], "excluded_lines": [], "functions": {"FilePlugin.__init__": {"executed_lines": [20, 21, 22, 24], "summary": {"covered_lines": 4, "num_statements": 4, "percent_covered": 100.0, "percent_covered_display": "100", "missing_lines": 0, "excluded_lines": 0, "percent_statements_covered": 100.0, "percent_statements_covered_display": "100"}, "missing_lines": [], "excluded_lines": [], "start_line": 15}, "FilePlugin.__iter__": {"executed_lines": [30, 32, 33], "summary": {"covered_lines": 3, "num_statements": 3, "percent_covered": 100.0, "percent_covered_display": "100", "missing_lines": 0, "excluded_lines": 0, "percent_statements_covered": 100.0, "percent_statements_covered_display": "100"}, "missing_lines": [], "excluded_lines": [], "start_line": 29}, "FilePlugin.__delitem__": {"executed_lines": [36, 38], "summary": {"covered_lines": 2, "num_statements": 2, "percent_covered": 100.0, "percent_covered_display": "100", "missing_lines": 0, "excluded_lines": 0, "percent_statements_covered": 100.0, "percent_statements_covered_display": "100"}, "missing_lines": [], "excluded_lines": [], "start_line": 35}, "FilePlugin.__getitem__": {"executed_lines": [41, 43, 44, 48, 49, 50], "summary": {"covered_lines": 6, "num_statements": 6, "percent_covered": 100.0, "percent_covered_display": "100", "missing_lines": 0, "excluded_lines": 0, "percent_statements_covered": 100.0, "percent_statements_covered_display": "100"}, "missing_lines": [], "excluded_lines": [], "start_line": 40}, "FilePlugin.__setitem__": {"executed_lines": [53, 57, 61], "summary": {"covered_lines": 3, "num_statements": 3, "percent_covered": 100.0, "percent_covered_display": "100", "missing_lines": 0, "excluded_lines": 0, "percent_statements_covered": 100.0, "percent_statements_covered_display": "100"}, "missing_lines": [], "excluded_lines": [], "start_line": 52}, "": {"executed_lines": [1, 2, 4, 5, 7, 9, 10, 13, 15, 29, 35, 40, 52], "summary": {"covered_lines": 13, "num_statements": 13, "percent_covered": 100.0, "percent_covered_display": "100", "missing_lines": 0, "excluded_lines": 0, "percent_statements_covered": 100.0, "percent_statements_covered_display": "100"}, "missing_lines": [], "excluded_lines": [], "start_line": 1}}, "classes": {"FilePlugin": {"executed_lines": [20, 21, 22, 24, 30, 32, 33, 36, 38, 41, 43, 44, 48, 49, 50, 53, 57, 61], "summary": {"covered_lines": 18, "num_statements": 18, "percent_covered": 100.0, "percent_covered_display": "100", "missing_lines": 0, "excluded_lines": 0, "percent_statements_covered": 100.0, "percent_statements_covered_display": "100"}, "missing_lines": [], "excluded_lines": [], "start_line": 13}, "": {"executed_lines": [1, 2, 4, 5, 7, 9, 10, 13, 15, 29, 35, 40, 52], "summary": {"covered_lines": 13, "num_statements": 13, "percent_covered": 100.0, "percent_covered_display": "100", "missing_lines": 0, "excluded_lines": 0, "percent_statements_covered": 100.0, "percent_statements_covered_display": "100"}, "missing_lines": [], "excluded_lines": [], "start_line": 1}}}, "code/data/plugins/irods.py": {"executed_lines": [], "summary": {"covered_lines": 0, "num_statements": 226, "percent_covered": 0.0, "percent_covered_display": "0", "missing_lines": 226, "excluded_lines": 0, "percent_statements_covered": 0.0, "percent_statements_covered_display": "0"}, "missing_lines": [1, 2, 3, 4, 5, 7, 10, 12, 13, 14, 15, 16, 17, 18, 19, 23, 26, 27, 28, 29, 30, 34, 35, 36, 42, 43, 44, 45, 46, 50, 51, 52, 53, 59, 73, 82, 83, 84, 87, 88, 89, 90, 91, 94, 95, 96, 98, 100, 102, 103, 106, 107, 108, 110, 111, 113, 114, 115, 116, 118, 119, 120, 122, 124, 125, 132, 133, 134, 136, 138, 140, 142, 143, 146, 147, 149, 152, 153, 155, 156, 157, 158, 160, 167, 169, 170, 171, 175, 176, 178, 179, 180, 182, 184, 186, 187, 188, 190, 194, 195, 199, 200, 201, 203, 207, 210, 211, 215, 219, 220, 223, 225, 227, 228, 229, 230, 231, 234, 236, 239, 240, 241, 242, 243, 245, 247, 249, 250, 251, 252, 253, 256, 260, 261, 264, 265, 266, 267, 270, 273, 274, 276, 277, 279, 280, 281, 282, 285, 287, 288, 289, 290, 295, 296, 297, 298, 303, 305, 307, 308, 309, 310, 312, 314, 325, 326, 328, 329, 332, 333, 335, 345, 346, 347, 353, 354, 355, 357, 359, 360, 361, 362, 363, 364, 366, 368, 370, 372, 373, 375, 376, 377, 378, 380, 381, 382, 383, 385, 386, 389, 390, 392, 393, 395, 399, 400, 401, 402, 403, 404, 405, 409, 410, 411, 412, 413, 414, 418, 419, 420, 421, 423, 424, 426, 427, 430], "excluded_lines": [], "functions": {"iRODSUser.set_metadata": {"executed_lines": [], "summary": {"covered_lines": 0, "num_statements": 3, "percent_covered": 0.0, "percent_covered_display": "0", "missing_lines": 3, "excluded_lines": 0, "percent_statements_covered": 0.0, "percent_statements_covered_display": "0"}, "missing_lines": [28, 29, 30], "excluded_lines": [], "start_line": 27}, "iRODSUser.__repr__": {"executed_lines": [], "summary": {"covered_lines": 0, "num_statements": 2, "percent_covered": 0.0, "percent_covered_display": "0", "missing_lines": 2, "excluded_lines": 0, "percent_statements_covered": 0.0, "percent_statements_covered_display": "0"}, "missing_lines": [35, 36], "excluded_lines": [], "start_line": 34}, "iRODSGroup.set_metadata": {"executed_lines": [], "summary": {"covered_lines": 0, "num_statements": 3, "percent_covered": 0.0, "percent_covered_display": "0", "missing_lines": 3, "excluded_lines": 0, "percent_statements_covered": 0.0, "percent_statements_covered_display": "0"}, "missing_lines": [44, 45, 46], "excluded_lines": [], "start_line": 43}, "iRODSGroup.__repr__": {"executed_lines": [], "summary": {"covered_lines": 0, "num_statements": 3, "percent_covered": 0.0, "percent_covered_display": "0", "missing_lines": 3, "excluded_lines": 0, "percent_statements_covered": 0.0, "percent_statements_covered_display": "0"}, "missing_lines": [51, 52, 53], "excluded_lines": [], "start_line": 50}, "iRODSPlugin.__init__": {"executed_lines": [], "summary": {"covered_lines": 0, "num_statements": 18, "percent_covered": 0.0, "percent_covered_display": "0", "missing_lines": 18, "excluded_lines": 0, "percent_statements_covered": 0.0, "percent_statements_covered_display": "0"}, "missing_lines": [82, 83, 84, 87, 88, 89, 90, 91, 94, 95, 96, 98, 100, 102, 103, 106, 107, 108], "excluded_lines": [], "start_line": 73}, "iRODSPlugin.id": {"executed_lines": [], "summary": {"covered_lines": 0, "num_statements": 8, "percent_covered": 0.0, "percent_covered_display": "0", "missing_lines": 8, "excluded_lines": 0, "percent_statements_covered": 0.0, "percent_statements_covered_display": "0"}, "missing_lines": [111, 113, 114, 115, 116, 118, 119, 120], "excluded_lines": [], "start_line": 110}, "iRODSPlugin._get_session": {"executed_lines": [], "summary": {"covered_lines": 0, "num_statements": 5, "percent_covered": 0.0, "percent_covered_display": "0", "missing_lines": 5, "excluded_lines": 0, "percent_statements_covered": 0.0, "percent_statements_covered_display": "0"}, "missing_lines": [124, 125, 132, 133, 134], "excluded_lines": [], "start_line": 122}, "iRODSPlugin._format_timestamp": {"executed_lines": [], "summary": {"covered_lines": 0, "num_statements": 1, "percent_covered": 0.0, "percent_covered_display": "0", "missing_lines": 1, "excluded_lines": 0, "percent_statements_covered": 0.0, "percent_statements_covered_display": "0"}, "missing_lines": [138], "excluded_lines": [], "start_line": 136}, "iRODSPlugin._has_data_ownership": {"executed_lines": [], "summary": {"covered_lines": 0, "num_statements": 11, "percent_covered": 0.0, "percent_covered_display": "0", "missing_lines": 11, "excluded_lines": 0, "percent_statements_covered": 0.0, "percent_statements_covered_display": "0"}, "missing_lines": [142, 143, 146, 147, 149, 152, 153, 155, 156, 157, 158], "excluded_lines": [], "start_line": 140}, "iRODSPlugin._create_special_group_for_deleted_entity": {"executed_lines": [], "summary": {"covered_lines": 0, "num_statements": 14, "percent_covered": 0.0, "percent_covered_display": "0", "missing_lines": 14, "excluded_lines": 0, "percent_statements_covered": 0.0, "percent_statements_covered_display": "0"}, "missing_lines": [167, 169, 170, 171, 175, 176, 178, 179, 180, 182, 184, 186, 187, 188], "excluded_lines": [], "start_line": 160}, "iRODSPlugin._transfer_ownership_to_group": {"executed_lines": [], "summary": {"covered_lines": 0, "num_statements": 13, "percent_covered": 0.0, "percent_covered_display": "0", "missing_lines": 13, "excluded_lines": 0, "percent_statements_covered": 0.0, "percent_statements_covered_display": "0"}, "missing_lines": [194, 195, 199, 200, 201, 203, 207, 210, 211, 215, 219, 220, 223], "excluded_lines": [], "start_line": 190}, "iRODSPlugin.__iter__": {"executed_lines": [], "summary": {"covered_lines": 0, "num_statements": 12, "percent_covered": 0.0, "percent_covered_display": "0", "missing_lines": 12, "excluded_lines": 0, "percent_statements_covered": 0.0, "percent_statements_covered_display": "0"}, "missing_lines": [227, 228, 229, 230, 231, 234, 236, 239, 240, 241, 242, 243], "excluded_lines": [], "start_line": 225}, "iRODSPlugin.__delitem__": {"executed_lines": [], "summary": {"covered_lines": 0, "num_statements": 23, "percent_covered": 0.0, "percent_covered_display": "0", "missing_lines": 23, "excluded_lines": 0, "percent_statements_covered": 0.0, "percent_statements_covered_display": "0"}, "missing_lines": [247, 249, 250, 251, 252, 253, 256, 260, 261, 264, 265, 266, 267, 270, 273, 274, 276, 277, 279, 280, 281, 282, 285], "excluded_lines": [], "start_line": 245}, "iRODSPlugin._irods_read_user": {"executed_lines": [], "summary": {"covered_lines": 0, "num_statements": 3, "percent_covered": 0.0, "percent_covered_display": "0", "missing_lines": 3, "excluded_lines": 0, "percent_statements_covered": 0.0, "percent_statements_covered_display": "0"}, "missing_lines": [288, 289, 290], "excluded_lines": [], "start_line": 287}, "iRODSPlugin._irods_read_group": {"executed_lines": [], "summary": {"covered_lines": 0, "num_statements": 3, "percent_covered": 0.0, "percent_covered_display": "0", "missing_lines": 3, "excluded_lines": 0, "percent_statements_covered": 0.0, "percent_statements_covered_display": "0"}, "missing_lines": [296, 297, 298], "excluded_lines": [], "start_line": 295}, "iRODSPlugin.__getitem__": {"executed_lines": [], "summary": {"covered_lines": 0, "num_statements": 27, "percent_covered": 0.0, "percent_covered_display": "0", "missing_lines": 27, "excluded_lines": 0, "percent_statements_covered": 0.0, "percent_statements_covered_display": "0"}, "missing_lines": [305, 307, 308, 309, 310, 312, 314, 325, 326, 328, 329, 332, 333, 335, 345, 346, 347, 353, 354, 355, 357, 359, 360, 361, 362, 363, 364], "excluded_lines": [], "start_line": 303}, "iRODSPlugin.__setitem__": {"executed_lines": [], "summary": {"covered_lines": 0, "num_statements": 41, "percent_covered": 0.0, "percent_covered_display": "0", "missing_lines": 41, "excluded_lines": 0, "percent_statements_covered": 0.0, "percent_statements_covered_display": "0"}, "missing_lines": [368, 370, 372, 373, 375, 376, 377, 378, 380, 381, 382, 383, 385, 386, 389, 390, 392, 393, 395, 399, 400, 401, 402, 403, 404, 405, 409, 410, 411, 412, 413, 414, 418, 419, 420, 421, 423, 424, 426, 427, 430], "excluded_lines": [], "start_line": 366}, "": {"executed_lines": [], "summary": {"covered_lines": 0, "num_statements": 36, "percent_covered": 0.0, "percent_covered_display": "0", "missing_lines": 36, "excluded_lines": 0, "percent_statements_covered": 0.0, "percent_statements_covered_display": "0"}, "missing_lines": [1, 2, 3, 4, 5, 7, 10, 12, 13, 14, 15, 16, 17, 18, 19, 23, 26, 27, 34, 42, 43, 50, 59, 73, 110, 122, 136, 140, 160, 190, 225, 245, 287, 295, 303, 366], "excluded_lines": [], "start_line": 1}}, "classes": {"iRODSUser": {"executed_lines": [], "summary": {"covered_lines": 0, "num_statements": 5, "percent_covered": 0.0, "percent_covered_display": "0", "missing_lines": 5, "excluded_lines": 0, "percent_statements_covered": 0.0, "percent_statements_covered_display": "0"}, "missing_lines": [28, 29, 30, 35, 36], "excluded_lines": [], "start_line": 26}, "iRODSGroup": {"executed_lines": [], "summary": {"covered_lines": 0, "num_statements": 6, "percent_covered": 0.0, "percent_covered_display": "0", "missing_lines": 6, "excluded_lines": 0, "percent_statements_covered": 0.0, "percent_statements_covered_display": "0"}, "missing_lines": [44, 45, 46, 51, 52, 53], "excluded_lines": [], "start_line": 42}, "iRODSPlugin": {"executed_lines": [], "summary": {"covered_lines": 0, "num_statements": 179, "percent_covered": 0.0, "percent_covered_display": "0", "missing_lines": 179, "excluded_lines": 0, "percent_statements_covered": 0.0, "percent_statements_covered_display": "0"}, "missing_lines": [82, 83, 84, 87, 88, 89, 90, 91, 94, 95, 96, 98, 100, 102, 103, 106, 107, 108, 111, 113, 114, 115, 116, 118, 119, 120, 124, 125, 132, 133, 134, 138, 142, 143, 146, 147, 149, 152, 153, 155, 156, 157, 158, 167, 169, 170, 171, 175, 176, 178, 179, 180, 182, 184, 186, 187, 188, 194, 195, 199, 200, 201, 203, 207, 210, 211, 215, 219, 220, 223, 227, 228, 229, 230, 231, 234, 236, 239, 240, 241, 242, 243, 247, 249, 250, 251, 252, 253, 256, 260, 261, 264, 265, 266, 267, 270, 273, 274, 276, 277, 279, 280, 281, 282, 285, 288, 289, 290, 296, 297, 298, 305, 307, 308, 309, 310, 312, 314, 325, 326, 328, 329, 332, 333, 335, 345, 346, 347, 353, 354, 355, 357, 359, 360, 361, 362, 363, 364, 368, 370, 372, 373, 375, 376, 377, 378, 380, 381, 382, 383, 385, 386, 389, 390, 392, 393, 395, 399, 400, 401, 402, 403, 404, 405, 409, 410, 411, 412, 413, 414, 418, 419, 420, 421, 423, 424, 426, 427, 430], "excluded_lines": [], "start_line": 59}, "": {"executed_lines": [], "summary": {"covered_lines": 0, "num_statements": 36, "percent_covered": 0.0, "percent_covered_display": "0", "missing_lines": 36, "excluded_lines": 0, "percent_statements_covered": 0.0, "percent_statements_covered_display": "0"}, "missing_lines": [1, 2, 3, 4, 5, 7, 10, 12, 13, 14, 15, 16, 17, 18, 19, 23, 26, 27, 34, 42, 43, 50, 59, 73, 110, 122, 136, 140, 160, 190, 225, 245, 287, 295, 303, 366], "excluded_lines": [], "start_line": 1}}}, "code/data/plugins/jumpcloud.py": {"executed_lines": [], "summary": {"covered_lines": 0, "num_statements": 204, "percent_covered": 0.0, "percent_covered_display": "0", "missing_lines": 204, "excluded_lines": 0, "percent_statements_covered": 0.0, "percent_statements_covered_display": "0"}, "missing_lines": [1, 2, 3, 5, 6, 8, 9, 12, 13, 16, 18, 19, 21, 22, 23, 25, 27, 29, 30, 35, 36, 37, 38, 40, 47, 48, 49, 50, 51, 53, 58, 59, 61, 63, 64, 66, 67, 68, 70, 71, 73, 74, 75, 77, 78, 80, 90, 92, 94, 95, 97, 105, 107, 109, 110, 112, 113, 114, 116, 135, 136, 137, 138, 145, 146, 147, 149, 150, 152, 158, 160, 162, 163, 165, 166, 167, 169, 170, 171, 177, 187, 189, 191, 192, 194, 195, 196, 197, 198, 204, 205, 207, 208, 209, 211, 215, 216, 217, 218, 220, 221, 222, 223, 225, 232, 240, 242, 243, 245, 246, 247, 248, 249, 251, 252, 253, 263, 264, 265, 270, 271, 273, 275, 277, 278, 281, 282, 284, 286, 287, 288, 290, 292, 293, 294, 297, 298, 299, 302, 304, 305, 307, 315, 318, 319, 321, 329, 330, 332, 334, 335, 336, 338, 339, 341, 344, 345, 347, 348, 350, 356, 358, 359, 361, 362, 365, 367, 373, 374, 376, 377, 379, 381, 382, 384, 385, 386, 387, 389, 390, 392, 393, 394, 396, 397, 398, 400, 401, 403, 404, 405, 406, 408, 409, 411, 412, 413, 414, 416, 417, 421, 422, 423, 424], "excluded_lines": [], "functions": {"equal": {"executed_lines": [], "summary": {"covered_lines": 0, "num_statements": 1, "percent_covered": 0.0, "percent_covered_display": "0", "missing_lines": 1, "excluded_lines": 0, "percent_statements_covered": 0.0, "percent_statements_covered_display": "0"}, "missing_lines": [13], "excluded_lines": [], "start_line": 12}, "JumpCloud.__init__": {"executed_lines": [], "summary": {"covered_lines": 0, "num_statements": 2, "percent_covered": 0.0, "percent_covered_display": "0", "missing_lines": 2, "excluded_lines": 0, "percent_statements_covered": 0.0, "percent_statements_covered_display": "0"}, "missing_lines": [22, 23], "excluded_lines": [], "start_line": 21}, "JumpCloud.api": {"executed_lines": [], "summary": {"covered_lines": 0, "num_statements": 17, "percent_covered": 0.0, "percent_covered_display": "0", "missing_lines": 17, "excluded_lines": 0, "percent_statements_covered": 0.0, "percent_statements_covered_display": "0"}, "missing_lines": [27, 29, 30, 35, 36, 37, 38, 40, 47, 48, 49, 50, 51, 53, 58, 59, 61], "excluded_lines": [], "start_line": 25}, "JumpCloud.users": {"executed_lines": [], "summary": {"covered_lines": 0, "num_statements": 4, "percent_covered": 0.0, "percent_covered_display": "0", "missing_lines": 4, "excluded_lines": 0, "percent_statements_covered": 0.0, "percent_statements_covered_display": "0"}, "missing_lines": [64, 66, 67, 68], "excluded_lines": [], "start_line": 63}, "JumpCloud.groups": {"executed_lines": [], "summary": {"covered_lines": 0, "num_statements": 4, "percent_covered": 0.0, "percent_covered_display": "0", "missing_lines": 4, "excluded_lines": 0, "percent_statements_covered": 0.0, "percent_statements_covered_display": "0"}, "missing_lines": [71, 73, 74, 75], "excluded_lines": [], "start_line": 70}, "JumpCloud.create_user": {"executed_lines": [], "summary": {"covered_lines": 0, "num_statements": 4, "percent_covered": 0.0, "percent_covered_display": "0", "missing_lines": 4, "excluded_lines": 0, "percent_statements_covered": 0.0, "percent_statements_covered_display": "0"}, "missing_lines": [78, 80, 90, 92], "excluded_lines": [], "start_line": 77}, "JumpCloud.create_group": {"executed_lines": [], "summary": {"covered_lines": 0, "num_statements": 4, "percent_covered": 0.0, "percent_covered_display": "0", "missing_lines": 4, "excluded_lines": 0, "percent_statements_covered": 0.0, "percent_statements_covered_display": "0"}, "missing_lines": [95, 97, 105, 107], "excluded_lines": [], "start_line": 94}, "JumpCloud.read_user": {"executed_lines": [], "summary": {"covered_lines": 0, "num_statements": 17, "percent_covered": 0.0, "percent_covered_display": "0", "missing_lines": 17, "excluded_lines": 0, "percent_statements_covered": 0.0, "percent_statements_covered_display": "0"}, "missing_lines": [110, 112, 113, 114, 116, 135, 136, 137, 138, 145, 146, 147, 149, 150, 152, 158, 160], "excluded_lines": [], "start_line": 109}, "JumpCloud.read_group": {"executed_lines": [], "summary": {"covered_lines": 0, "num_statements": 10, "percent_covered": 0.0, "percent_covered_display": "0", "missing_lines": 10, "excluded_lines": 0, "percent_statements_covered": 0.0, "percent_statements_covered_display": "0"}, "missing_lines": [163, 165, 166, 167, 169, 170, 171, 177, 187, 189], "excluded_lines": [], "start_line": 162}, "JumpCloud.update_user": {"executed_lines": [], "summary": {"covered_lines": 0, "num_statements": 36, "percent_covered": 0.0, "percent_covered_display": "0", "missing_lines": 36, "excluded_lines": 0, "percent_statements_covered": 0.0, "percent_statements_covered_display": "0"}, "missing_lines": [192, 194, 195, 196, 197, 198, 204, 205, 207, 208, 209, 211, 215, 216, 217, 218, 220, 221, 222, 223, 225, 232, 240, 242, 243, 245, 246, 247, 248, 249, 251, 252, 253, 263, 264, 265], "excluded_lines": [], "start_line": 191}, "JumpCloud.read_members": {"executed_lines": [], "summary": {"covered_lines": 0, "num_statements": 12, "percent_covered": 0.0, "percent_covered_display": "0", "missing_lines": 12, "excluded_lines": 0, "percent_statements_covered": 0.0, "percent_statements_covered_display": "0"}, "missing_lines": [271, 273, 275, 277, 278, 281, 282, 284, 286, 287, 288, 290], "excluded_lines": [], "start_line": 270}, "JumpCloud.update_members": {"executed_lines": [], "summary": {"covered_lines": 0, "num_statements": 13, "percent_covered": 0.0, "percent_covered_display": "0", "missing_lines": 13, "excluded_lines": 0, "percent_statements_covered": 0.0, "percent_statements_covered_display": "0"}, "missing_lines": [293, 294, 297, 298, 299, 302, 304, 305, 307, 315, 318, 319, 321], "excluded_lines": [], "start_line": 292}, "JumpCloud.update_group": {"executed_lines": [], "summary": {"covered_lines": 0, "num_statements": 14, "percent_covered": 0.0, "percent_covered_display": "0", "missing_lines": 14, "excluded_lines": 0, "percent_statements_covered": 0.0, "percent_statements_covered_display": "0"}, "missing_lines": [330, 332, 334, 335, 336, 338, 339, 341, 344, 345, 347, 348, 350, 356], "excluded_lines": [], "start_line": 329}, "JumpCloud.delete_user": {"executed_lines": [], "summary": {"covered_lines": 0, "num_statements": 1, "percent_covered": 0.0, "percent_covered_display": "0", "missing_lines": 1, "excluded_lines": 0, "percent_statements_covered": 0.0, "percent_statements_covered_display": "0"}, "missing_lines": [359], "excluded_lines": [], "start_line": 358}, "JumpCloud.delete_group": {"executed_lines": [], "summary": {"covered_lines": 0, "num_statements": 1, "percent_covered": 0.0, "percent_covered_display": "0", "missing_lines": 1, "excluded_lines": 0, "percent_statements_covered": 0.0, "percent_statements_covered_display": "0"}, "missing_lines": [362], "excluded_lines": [], "start_line": 361}, "JumpCloudPlugin.__init__": {"executed_lines": [], "summary": {"covered_lines": 0, "num_statements": 5, "percent_covered": 0.0, "percent_covered_display": "0", "missing_lines": 5, "excluded_lines": 0, "percent_statements_covered": 0.0, "percent_statements_covered_display": "0"}, "missing_lines": [373, 374, 376, 377, 379], "excluded_lines": [], "start_line": 367}, "JumpCloudPlugin.id": {"executed_lines": [], "summary": {"covered_lines": 0, "num_statements": 5, "percent_covered": 0.0, "percent_covered_display": "0", "missing_lines": 5, "excluded_lines": 0, "percent_statements_covered": 0.0, "percent_statements_covered_display": "0"}, "missing_lines": [382, 384, 385, 386, 387], "excluded_lines": [], "start_line": 381}, "JumpCloudPlugin.__iter__": {"executed_lines": [], "summary": {"covered_lines": 0, "num_statements": 7, "percent_covered": 0.0, "percent_covered_display": "0", "missing_lines": 7, "excluded_lines": 0, "percent_statements_covered": 0.0, "percent_statements_covered_display": "0"}, "missing_lines": [390, 392, 393, 394, 396, 397, 398], "excluded_lines": [], "start_line": 389}, "JumpCloudPlugin.__delitem__": {"executed_lines": [], "summary": {"covered_lines": 0, "num_statements": 5, "percent_covered": 0.0, "percent_covered_display": "0", "missing_lines": 5, "excluded_lines": 0, "percent_statements_covered": 0.0, "percent_statements_covered_display": "0"}, "missing_lines": [401, 403, 404, 405, 406], "excluded_lines": [], "start_line": 400}, "JumpCloudPlugin.__getitem__": {"executed_lines": [], "summary": {"covered_lines": 0, "num_statements": 5, "percent_covered": 0.0, "percent_covered_display": "0", "missing_lines": 5, "excluded_lines": 0, "percent_statements_covered": 0.0, "percent_statements_covered_display": "0"}, "missing_lines": [409, 411, 412, 413, 414], "excluded_lines": [], "start_line": 408}, "JumpCloudPlugin.__setitem__": {"executed_lines": [], "summary": {"covered_lines": 0, "num_statements": 5, "percent_covered": 0.0, "percent_covered_display": "0", "missing_lines": 5, "excluded_lines": 0, "percent_statements_covered": 0.0, "percent_statements_covered_display": "0"}, "missing_lines": [417, 421, 422, 423, 424], "excluded_lines": [], "start_line": 416}, "": {"executed_lines": [], "summary": {"covered_lines": 0, "num_statements": 32, "percent_covered": 0.0, "percent_covered_display": "0", "missing_lines": 32, "excluded_lines": 0, "percent_statements_covered": 0.0, "percent_statements_covered_display": "0"}, "missing_lines": [1, 2, 3, 5, 6, 8, 9, 12, 16, 18, 19, 21, 25, 63, 70, 77, 94, 109, 162, 191, 270, 292, 329, 358, 361, 365, 367, 381, 389, 400, 408, 416], "excluded_lines": [], "start_line": 1}}, "classes": {"JumpCloud": {"executed_lines": [], "summary": {"covered_lines": 0, "num_statements": 139, "percent_covered": 0.0, "percent_covered_display": "0", "missing_lines": 139, "excluded_lines": 0, "percent_statements_covered": 0.0, "percent_statements_covered_display": "0"}, "missing_lines": [22, 23, 27, 29, 30, 35, 36, 37, 38, 40, 47, 48, 49, 50, 51, 53, 58, 59, 61, 64, 66, 67, 68, 71, 73, 74, 75, 78, 80, 90, 92, 95, 97, 105, 107, 110, 112, 113, 114, 116, 135, 136, 137, 138, 145, 146, 147, 149, 150, 152, 158, 160, 163, 165, 166, 167, 169, 170, 171, 177, 187, 189, 192, 194, 195, 196, 197, 198, 204, 205, 207, 208, 209, 211, 215, 216, 217, 218, 220, 221, 222, 223, 225, 232, 240, 242, 243, 245, 246, 247, 248, 249, 251, 252, 253, 263, 264, 265, 271, 273, 275, 277, 278, 281, 282, 284, 286, 287, 288, 290, 293, 294, 297, 298, 299, 302, 304, 305, 307, 315, 318, 319, 321, 330, 332, 334, 335, 336, 338, 339, 341, 344, 345, 347, 348, 350, 356, 359, 362], "excluded_lines": [], "start_line": 16}, "JumpCloudPlugin": {"executed_lines": [], "summary": {"covered_lines": 0, "num_statements": 32, "percent_covered": 0.0, "percent_covered_display": "0", "missing_lines": 32, "excluded_lines": 0, "percent_statements_covered": 0.0, "percent_statements_covered_display": "0"}, "missing_lines": [373, 374, 376, 377, 379, 382, 384, 385, 386, 387, 390, 392, 393, 394, 396, 397, 398, 401, 403, 404, 405, 406, 409, 411, 412, 413, 414, 417, 421, 422, 423, 424], "excluded_lines": [], "start_line": 365}, "": {"executed_lines": [], "summary": {"covered_lines": 0, "num_statements": 33, "percent_covered": 0.0, "percent_covered_display": "0", "missing_lines": 33, "excluded_lines": 0, "percent_statements_covered": 0.0, "percent_statements_covered_display": "0"}, "missing_lines": [1, 2, 3, 5, 6, 8, 9, 12, 13, 16, 18, 19, 21, 25, 63, 70, 77, 94, 109, 162, 191, 270, 292, 329, 358, 361, 365, 367, 381, 389, 400, 408, 416], "excluded_lines": [], "start_line": 1}}}, "code/data/plugins/ldap.py": {"executed_lines": [], "summary": {"covered_lines": 0, "num_statements": 145, "percent_covered": 0.0, "percent_covered_display": "0", "missing_lines": 145, "excluded_lines": 0, "percent_statements_covered": 0.0, "percent_statements_covered_display": "0"}, "missing_lines": [1, 2, 4, 5, 6, 11, 14, 16, 23, 24, 26, 27, 28, 29, 31, 34, 35, 37, 42, 43, 45, 46, 47, 48, 54, 55, 59, 60, 61, 62, 63, 64, 66, 67, 71, 72, 73, 74, 76, 77, 87, 88, 90, 91, 92, 94, 95, 96, 98, 99, 101, 102, 104, 111, 113, 122, 123, 125, 127, 128, 130, 131, 133, 134, 136, 137, 139, 141, 142, 144, 145, 147, 148, 150, 152, 154, 155, 157, 158, 160, 161, 162, 163, 169, 171, 172, 173, 179, 180, 181, 182, 183, 191, 193, 195, 196, 198, 200, 201, 202, 204, 205, 207, 209, 211, 212, 213, 215, 216, 217, 219, 220, 221, 225, 226, 228, 230, 231, 235, 237, 238, 240, 241, 243, 249, 250, 252, 253, 255, 257, 258, 260, 262, 263, 264, 266, 267, 268, 269, 270, 271, 273, 274, 278, 280], "excluded_lines": [], "functions": {"LDAP_Plugin.__init__": {"executed_lines": [], "summary": {"covered_lines": 0, "num_statements": 34, "percent_covered": 0.0, "percent_covered_display": "0", "missing_lines": 34, "excluded_lines": 0, "percent_statements_covered": 0.0, "percent_statements_covered_display": "0"}, "missing_lines": [23, 24, 26, 27, 28, 29, 31, 34, 35, 37, 42, 43, 45, 46, 47, 48, 54, 55, 59, 60, 61, 62, 63, 64, 66, 67, 71, 72, 73, 74, 76, 77, 87, 88], "excluded_lines": [], "start_line": 16}, "LDAP_Plugin.user_dn": {"executed_lines": [], "summary": {"covered_lines": 0, "num_statements": 1, "percent_covered": 0.0, "percent_covered_display": "0", "missing_lines": 1, "excluded_lines": 0, "percent_statements_covered": 0.0, "percent_statements_covered_display": "0"}, "missing_lines": [92], "excluded_lines": [], "start_line": 91}, "LDAP_Plugin.group_dn": {"executed_lines": [], "summary": {"covered_lines": 0, "num_statements": 1, "percent_covered": 0.0, "percent_covered_display": "0", "missing_lines": 1, "excluded_lines": 0, "percent_statements_covered": 0.0, "percent_statements_covered_display": "0"}, "missing_lines": [96], "excluded_lines": [], "start_line": 95}, "LDAP_Plugin.__enter__": {"executed_lines": [], "summary": {"covered_lines": 0, "num_statements": 1, "percent_covered": 0.0, "percent_covered_display": "0", "missing_lines": 1, "excluded_lines": 0, "percent_statements_covered": 0.0, "percent_statements_covered_display": "0"}, "missing_lines": [99], "excluded_lines": [], "start_line": 98}, "LDAP_Plugin.__exit__": {"executed_lines": [], "summary": {"covered_lines": 0, "num_statements": 1, "percent_covered": 0.0, "percent_covered_display": "0", "missing_lines": 1, "excluded_lines": 0, "percent_statements_covered": 0.0, "percent_statements_covered_display": "0"}, "missing_lines": [102], "excluded_lines": [], "start_line": 101}, "LDAP_Plugin.search": {"executed_lines": [], "summary": {"covered_lines": 0, "num_statements": 5, "percent_covered": 0.0, "percent_covered_display": "0", "missing_lines": 5, "excluded_lines": 0, "percent_statements_covered": 0.0, "percent_statements_covered_display": "0"}, "missing_lines": [111, 113, 122, 123, 125], "excluded_lines": [], "start_line": 104}, "LDAP_Plugin.__iter__": {"executed_lines": [], "summary": {"covered_lines": 0, "num_statements": 5, "percent_covered": 0.0, "percent_covered_display": "0", "missing_lines": 5, "excluded_lines": 0, "percent_statements_covered": 0.0, "percent_statements_covered_display": "0"}, "missing_lines": [128, 130, 131, 133, 134], "excluded_lines": [], "start_line": 127}, "LDAP_Plugin.__delitem__": {"executed_lines": [], "summary": {"covered_lines": 0, "num_statements": 2, "percent_covered": 0.0, "percent_covered_display": "0", "missing_lines": 2, "excluded_lines": 0, "percent_statements_covered": 0.0, "percent_statements_covered_display": "0"}, "missing_lines": [137, 139], "excluded_lines": [], "start_line": 136}, "LDAP_Plugin.read_resource": {"executed_lines": [], "summary": {"covered_lines": 0, "num_statements": 26, "percent_covered": 0.0, "percent_covered_display": "0", "missing_lines": 26, "excluded_lines": 0, "percent_statements_covered": 0.0, "percent_statements_covered_display": "0"}, "missing_lines": [142, 144, 145, 147, 148, 150, 152, 154, 155, 157, 158, 160, 161, 162, 163, 169, 171, 172, 173, 179, 180, 181, 182, 183, 191, 193], "excluded_lines": [], "start_line": 141}, "LDAP_Plugin.write_resource": {"executed_lines": [], "summary": {"covered_lines": 0, "num_statements": 26, "percent_covered": 0.0, "percent_covered_display": "0", "missing_lines": 26, "excluded_lines": 0, "percent_statements_covered": 0.0, "percent_statements_covered_display": "0"}, "missing_lines": [196, 198, 200, 201, 202, 204, 205, 207, 209, 211, 212, 213, 215, 216, 217, 219, 220, 221, 225, 226, 228, 230, 231, 235, 237, 238], "excluded_lines": [], "start_line": 195}, "LDAP_Plugin.lookup": {"executed_lines": [], "summary": {"covered_lines": 0, "num_statements": 7, "percent_covered": 0.0, "percent_covered_display": "0", "missing_lines": 7, "excluded_lines": 0, "percent_statements_covered": 0.0, "percent_statements_covered_display": "0"}, "missing_lines": [241, 243, 249, 250, 252, 253, 255], "excluded_lines": [], "start_line": 240}, "LDAP_Plugin.__getitem__": {"executed_lines": [], "summary": {"covered_lines": 0, "num_statements": 11, "percent_covered": 0.0, "percent_covered_display": "0", "missing_lines": 11, "excluded_lines": 0, "percent_statements_covered": 0.0, "percent_statements_covered_display": "0"}, "missing_lines": [258, 260, 262, 263, 264, 266, 267, 268, 269, 270, 271], "excluded_lines": [], "start_line": 257}, "LDAP_Plugin.__setitem__": {"executed_lines": [], "summary": {"covered_lines": 0, "num_statements": 3, "percent_covered": 0.0, "percent_covered_display": "0", "missing_lines": 3, "excluded_lines": 0, "percent_statements_covered": 0.0, "percent_statements_covered_display": "0"}, "missing_lines": [274, 278, 280], "excluded_lines": [], "start_line": 273}, "": {"executed_lines": [], "summary": {"covered_lines": 0, "num_statements": 22, "percent_covered": 0.0, "percent_covered_display": "0", "missing_lines": 22, "excluded_lines": 0, "percent_statements_covered": 0.0, "percent_statements_covered_display": "0"}, "missing_lines": [1, 2, 4, 5, 6, 11, 14, 16, 90, 91, 94, 95, 98, 101, 104, 127, 136, 141, 195, 240, 257, 273], "excluded_lines": [], "start_line": 1}}, "classes": {"LDAP_Plugin": {"executed_lines": [], "summary": {"covered_lines": 0, "num_statements": 123, "percent_covered": 0.0, "percent_covered_display": "0", "missing_lines": 123, "excluded_lines": 0, "percent_statements_covered": 0.0, "percent_statements_covered_display": "0"}, "missing_lines": [23, 24, 26, 27, 28, 29, 31, 34, 35, 37, 42, 43, 45, 46, 47, 48, 54, 55, 59, 60, 61, 62, 63, 64, 66, 67, 71, 72, 73, 74, 76, 77, 87, 88, 92, 96, 99, 102, 111, 113, 122, 123, 125, 128, 130, 131, 133, 134, 137, 139, 142, 144, 145, 147, 148, 150, 152, 154, 155, 157, 158, 160, 161, 162, 163, 169, 171, 172, 173, 179, 180, 181, 182, 183, 191, 193, 196, 198, 200, 201, 202, 204, 205, 207, 209, 211, 212, 213, 215, 216, 217, 219, 220, 221, 225, 226, 228, 230, 231, 235, 237, 238, 241, 243, 249, 250, 252, 253, 255, 258, 260, 262, 263, 264, 266, 267, 268, 269, 270, 271, 274, 278, 280], "excluded_lines": [], "start_line": 14}, "": {"executed_lines": [], "summary": {"covered_lines": 0, "num_statements": 22, "percent_covered": 0.0, "percent_covered_display": "0", "missing_lines": 22, "excluded_lines": 0, "percent_statements_covered": 0.0, "percent_statements_covered_display": "0"}, "missing_lines": [1, 2, 4, 5, 6, 11, 14, 16, 90, 91, 94, 95, 98, 101, 104, 127, 136, 141, 195, 240, 257, 273], "excluded_lines": [], "start_line": 1}}}, "code/data/plugins/mongo.py": {"executed_lines": [], "summary": {"covered_lines": 0, "num_statements": 28, "percent_covered": 0.0, "percent_covered_display": "0", "missing_lines": 28, "excluded_lines": 0, "percent_statements_covered": 0.0, "percent_statements_covered_display": "0"}, "missing_lines": [1, 3, 4, 5, 7, 8, 11, 13, 17, 18, 20, 21, 23, 24, 26, 27, 29, 31, 32, 34, 35, 36, 38, 40, 41, 45, 46, 51], "excluded_lines": [], "functions": {"MongoPlugin.__init__": {"executed_lines": [], "summary": {"covered_lines": 0, "num_statements": 2, "percent_covered": 0.0, "percent_covered_display": "0", "missing_lines": 2, "excluded_lines": 0, "percent_statements_covered": 0.0, "percent_statements_covered_display": "0"}, "missing_lines": [17, 18], "excluded_lines": [], "start_line": 13}, "MongoPlugin.__iter__": {"executed_lines": [], "summary": {"covered_lines": 0, "num_statements": 3, "percent_covered": 0.0, "percent_covered_display": "0", "missing_lines": 3, "excluded_lines": 0, "percent_statements_covered": 0.0, "percent_statements_covered_display": "0"}, "missing_lines": [21, 23, 24], "excluded_lines": [], "start_line": 20}, "MongoPlugin.__delitem__": {"executed_lines": [], "summary": {"covered_lines": 0, "num_statements": 2, "percent_covered": 0.0, "percent_covered_display": "0", "missing_lines": 2, "excluded_lines": 0, "percent_statements_covered": 0.0, "percent_statements_covered_display": "0"}, "missing_lines": [27, 29], "excluded_lines": [], "start_line": 26}, "MongoPlugin.__getitem__": {"executed_lines": [], "summary": {"covered_lines": 0, "num_statements": 5, "percent_covered": 0.0, "percent_covered_display": "0", "missing_lines": 5, "excluded_lines": 0, "percent_statements_covered": 0.0, "percent_statements_covered_display": "0"}, "missing_lines": [32, 34, 35, 36, 38], "excluded_lines": [], "start_line": 31}, "MongoPlugin.__setitem__": {"executed_lines": [], "summary": {"covered_lines": 0, "num_statements": 4, "percent_covered": 0.0, "percent_covered_display": "0", "missing_lines": 4, "excluded_lines": 0, "percent_statements_covered": 0.0, "percent_statements_covered_display": "0"}, "missing_lines": [41, 45, 46, 51], "excluded_lines": [], "start_line": 40}, "": {"executed_lines": [], "summary": {"covered_lines": 0, "num_statements": 12, "percent_covered": 0.0, "percent_covered_display": "0", "missing_lines": 12, "excluded_lines": 0, "percent_statements_covered": 0.0, "percent_statements_covered_display": "0"}, "missing_lines": [1, 3, 4, 5, 7, 8, 11, 13, 20, 26, 31, 40], "excluded_lines": [], "start_line": 1}}, "classes": {"MongoPlugin": {"executed_lines": [], "summary": {"covered_lines": 0, "num_statements": 16, "percent_covered": 0.0, "percent_covered_display": "0", "missing_lines": 16, "excluded_lines": 0, "percent_statements_covered": 0.0, "percent_statements_covered_display": "0"}, "missing_lines": [17, 18, 21, 23, 24, 27, 29, 32, 34, 35, 36, 38, 41, 45, 46, 51], "excluded_lines": [], "start_line": 11}, "": {"executed_lines": [], "summary": {"covered_lines": 0, "num_statements": 12, "percent_covered": 0.0, "percent_covered_display": "0", "missing_lines": 12, "excluded_lines": 0, "percent_statements_covered": 0.0, "percent_statements_covered_display": "0"}, "missing_lines": [1, 3, 4, 5, 7, 8, 11, 13, 20, 26, 31, 40], "excluded_lines": [], "start_line": 1}}}, "code/data/plugins/scim.py": {"executed_lines": [], "summary": {"covered_lines": 0, "num_statements": 64, "percent_covered": 0.0, "percent_covered_display": "0", "missing_lines": 64, "excluded_lines": 0, "percent_statements_covered": 0.0, "percent_statements_covered_display": "0"}, "missing_lines": [1, 2, 4, 5, 6, 8, 9, 12, 14, 20, 21, 22, 23, 25, 27, 29, 30, 35, 36, 37, 38, 40, 47, 48, 49, 50, 51, 53, 58, 59, 61, 63, 64, 66, 67, 71, 72, 74, 76, 77, 79, 81, 82, 84, 85, 87, 88, 90, 92, 93, 95, 97, 98, 102, 104, 106, 107, 108, 110, 111, 117, 122, 124, 125], "excluded_lines": [], "functions": {"SCIM_Forward_Plugin.__init__": {"executed_lines": [], "summary": {"covered_lines": 0, "num_statements": 4, "percent_covered": 0.0, "percent_covered_display": "0", "missing_lines": 4, "excluded_lines": 0, "percent_statements_covered": 0.0, "percent_statements_covered_display": "0"}, "missing_lines": [20, 21, 22, 23], "excluded_lines": [], "start_line": 14}, "SCIM_Forward_Plugin.api": {"executed_lines": [], "summary": {"covered_lines": 0, "num_statements": 17, "percent_covered": 0.0, "percent_covered_display": "0", "missing_lines": 17, "excluded_lines": 0, "percent_statements_covered": 0.0, "percent_statements_covered_display": "0"}, "missing_lines": [27, 29, 30, 35, 36, 37, 38, 40, 47, 48, 49, 50, 51, 53, 58, 59, 61], "excluded_lines": [], "start_line": 25}, "SCIM_Forward_Plugin._resources": {"executed_lines": [], "summary": {"covered_lines": 0, "num_statements": 9, "percent_covered": 0.0, "percent_covered_display": "0", "missing_lines": 9, "excluded_lines": 0, "percent_statements_covered": 0.0, "percent_statements_covered_display": "0"}, "missing_lines": [64, 66, 67, 71, 72, 74, 76, 77, 79], "excluded_lines": [], "start_line": 63}, "SCIM_Forward_Plugin.__iter__": {"executed_lines": [], "summary": {"covered_lines": 0, "num_statements": 3, "percent_covered": 0.0, "percent_covered_display": "0", "missing_lines": 3, "excluded_lines": 0, "percent_statements_covered": 0.0, "percent_statements_covered_display": "0"}, "missing_lines": [82, 84, 85], "excluded_lines": [], "start_line": 81}, "SCIM_Forward_Plugin.__delitem__": {"executed_lines": [], "summary": {"covered_lines": 0, "num_statements": 2, "percent_covered": 0.0, "percent_covered_display": "0", "missing_lines": 2, "excluded_lines": 0, "percent_statements_covered": 0.0, "percent_statements_covered_display": "0"}, "missing_lines": [88, 90], "excluded_lines": [], "start_line": 87}, "SCIM_Forward_Plugin.__getitem__": {"executed_lines": [], "summary": {"covered_lines": 0, "num_statements": 2, "percent_covered": 0.0, "percent_covered_display": "0", "missing_lines": 2, "excluded_lines": 0, "percent_statements_covered": 0.0, "percent_statements_covered_display": "0"}, "missing_lines": [93, 95], "excluded_lines": [], "start_line": 92}, "SCIM_Forward_Plugin.__setitem__": {"executed_lines": [], "summary": {"covered_lines": 0, "num_statements": 12, "percent_covered": 0.0, "percent_covered_display": "0", "missing_lines": 12, "excluded_lines": 0, "percent_statements_covered": 0.0, "percent_statements_covered_display": "0"}, "missing_lines": [98, 102, 104, 106, 107, 108, 110, 111, 117, 122, 124, 125], "excluded_lines": [], "start_line": 97}, "": {"executed_lines": [], "summary": {"covered_lines": 0, "num_statements": 15, "percent_covered": 0.0, "percent_covered_display": "0", "missing_lines": 15, "excluded_lines": 0, "percent_statements_covered": 0.0, "percent_statements_covered_display": "0"}, "missing_lines": [1, 2, 4, 5, 6, 8, 9, 12, 14, 25, 63, 81, 87, 92, 97], "excluded_lines": [], "start_line": 1}}, "classes": {"SCIM_Forward_Plugin": {"executed_lines": [], "summary": {"covered_lines": 0, "num_statements": 49, "percent_covered": 0.0, "percent_covered_display": "0", "missing_lines": 49, "excluded_lines": 0, "percent_statements_covered": 0.0, "percent_statements_covered_display": "0"}, "missing_lines": [20, 21, 22, 23, 27, 29, 30, 35, 36, 37, 38, 40, 47, 48, 49, 50, 51, 53, 58, 59, 61, 64, 66, 67, 71, 72, 74, 76, 77, 79, 82, 84, 85, 88, 90, 93, 95, 98, 102, 104, 106, 107, 108, 110, 111, 117, 122, 124, 125], "excluded_lines": [], "start_line": 12}, "": {"executed_lines": [], "summary": {"covered_lines": 0, "num_statements": 15, "percent_covered": 0.0, "percent_covered_display": "0", "missing_lines": 15, "excluded_lines": 0, "percent_statements_covered": 0.0, "percent_statements_covered_display": "0"}, "missing_lines": [1, 2, 4, 5, 6, 8, 9, 12, 14, 25, 63, 81, 87, 92, 97], "excluded_lines": [], "start_line": 1}}}, "code/data/plugins/sql.py": {"executed_lines": [], "summary": {"covered_lines": 0, "num_statements": 63, "percent_covered": 0.0, "percent_covered_display": "0", "missing_lines": 63, "excluded_lines": 0, "percent_statements_covered": 0.0, "percent_statements_covered_display": "0"}, "missing_lines": [1, 3, 4, 6, 7, 9, 11, 13, 14, 17, 19, 25, 26, 28, 30, 38, 40, 42, 49, 51, 52, 54, 55, 56, 57, 58, 59, 60, 62, 63, 64, 66, 67, 69, 70, 74, 76, 77, 79, 80, 82, 83, 89, 91, 93, 94, 96, 97, 99, 107, 108, 110, 112, 113, 114, 116, 117, 121, 122, 130, 137, 138, 139], "excluded_lines": [], "functions": {"SQLPlugin.__init__": {"executed_lines": [], "summary": {"covered_lines": 0, "num_statements": 8, "percent_covered": 0.0, "percent_covered_display": "0", "missing_lines": 8, "excluded_lines": 0, "percent_statements_covered": 0.0, "percent_statements_covered_display": "0"}, "missing_lines": [25, 26, 28, 30, 38, 40, 42, 49], "excluded_lines": [], "start_line": 19}, "SQLPlugin.Transaction": {"executed_lines": [], "summary": {"covered_lines": 0, "num_statements": 10, "percent_covered": 0.0, "percent_covered_display": "0", "missing_lines": 10, "excluded_lines": 0, "percent_statements_covered": 0.0, "percent_statements_covered_display": "0"}, "missing_lines": [54, 55, 56, 57, 58, 59, 60, 62, 63, 64], "excluded_lines": [], "start_line": 52}, "SQLPlugin.__iter__": {"executed_lines": [], "summary": {"covered_lines": 0, "num_statements": 6, "percent_covered": 0.0, "percent_covered_display": "0", "missing_lines": 6, "excluded_lines": 0, "percent_statements_covered": 0.0, "percent_statements_covered_display": "0"}, "missing_lines": [67, 69, 70, 74, 76, 77], "excluded_lines": [], "start_line": 66}, "SQLPlugin.__delitem__": {"executed_lines": [], "summary": {"covered_lines": 0, "num_statements": 5, "percent_covered": 0.0, "percent_covered_display": "0", "missing_lines": 5, "excluded_lines": 0, "percent_statements_covered": 0.0, "percent_statements_covered_display": "0"}, "missing_lines": [80, 82, 83, 89, 91], "excluded_lines": [], "start_line": 79}, "SQLPlugin.__getitem__": {"executed_lines": [], "summary": {"covered_lines": 0, "num_statements": 10, "percent_covered": 0.0, "percent_covered_display": "0", "missing_lines": 10, "excluded_lines": 0, "percent_statements_covered": 0.0, "percent_statements_covered_display": "0"}, "missing_lines": [94, 96, 97, 99, 107, 108, 110, 112, 113, 114], "excluded_lines": [], "start_line": 93}, "SQLPlugin.__setitem__": {"executed_lines": [], "summary": {"covered_lines": 0, "num_statements": 7, "percent_covered": 0.0, "percent_covered_display": "0", "missing_lines": 7, "excluded_lines": 0, "percent_statements_covered": 0.0, "percent_statements_covered_display": "0"}, "missing_lines": [117, 121, 122, 130, 137, 138, 139], "excluded_lines": [], "start_line": 116}, "": {"executed_lines": [], "summary": {"covered_lines": 0, "num_statements": 17, "percent_covered": 0.0, "percent_covered_display": "0", "missing_lines": 17, "excluded_lines": 0, "percent_statements_covered": 0.0, "percent_statements_covered_display": "0"}, "missing_lines": [1, 3, 4, 6, 7, 9, 11, 13, 14, 17, 19, 51, 52, 66, 79, 93, 116], "excluded_lines": [], "start_line": 1}}, "classes": {"SQLPlugin": {"executed_lines": [], "summary": {"covered_lines": 0, "num_statements": 46, "percent_covered": 0.0, "percent_covered_display": "0", "missing_lines": 46, "excluded_lines": 0, "percent_statements_covered": 0.0, "percent_statements_covered_display": "0"}, "missing_lines": [25, 26, 28, 30, 38, 40, 42, 49, 54, 55, 56, 57, 58, 59, 60, 62, 63, 64, 67, 69, 70, 74, 76, 77, 80, 82, 83, 89, 91, 94, 96, 97, 99, 107, 108, 110, 112, 113, 114, 117, 121, 122, 130, 137, 138, 139], "excluded_lines": [], "start_line": 17}, "": {"executed_lines": [], "summary": {"covered_lines": 0, "num_statements": 17, "percent_covered": 0.0, "percent_covered_display": "0", "missing_lines": 17, "excluded_lines": 0, "percent_statements_covered": 0.0, "percent_statements_covered_display": "0"}, "missing_lines": [1, 3, 4, 6, 7, 9, 11, 13, 14, 17, 19, 51, 52, 66, 79, 93, 116], "excluded_lines": [], "start_line": 1}}}, "code/data/users.py": {"executed_lines": [3, 4, 6, 7, 8, 9, 10, 11, 13, 14, 17, 18, 21, 22, 23, 24, 26, 29, 30, 32, 33, 34, 35, 41, 44, 45, 46, 47, 48, 50, 52, 53, 55, 64, 65, 70, 71, 72, 76, 77, 80, 81, 83, 84, 95, 97, 99], "summary": {"covered_lines": 47, "num_statements": 55, "percent_covered": 85.45454545454545, "percent_covered_display": "85", "missing_lines": 8, "excluded_lines": 0, "percent_statements_covered": 85.45454545454545, "percent_statements_covered_display": "85"}, "missing_lines": [49, 78, 85, 87, 88, 89, 91, 93], "excluded_lines": [], "functions": {"del_user_resource": {"executed_lines": [18], "summary": {"covered_lines": 1, "num_statements": 1, "percent_covered": 100.0, "percent_covered_display": "100", "missing_lines": 0, "excluded_lines": 0, "percent_statements_covered": 100.0, "percent_statements_covered_display": "100"}, "missing_lines": [], "excluded_lines": [], "start_line": 17}, "get_user_resource": {"executed_lines": [22, 23, 24, 26], "summary": {"covered_lines": 4, "num_statements": 4, "percent_covered": 100.0, "percent_covered_display": "100", "missing_lines": 0, "excluded_lines": 0, "percent_statements_covered": 100.0, "percent_statements_covered_display": "100"}, "missing_lines": [], "excluded_lines": [], "start_line": 21}, "get_user_resources": {"executed_lines": [30, 32, 33, 34, 35, 41], "summary": {"covered_lines": 6, "num_statements": 6, "percent_covered": 100.0, "percent_covered_display": "100", "missing_lines": 0, "excluded_lines": 0, "percent_statements_covered": 100.0, "percent_statements_covered_display": "100"}, "missing_lines": [], "excluded_lines": [], "start_line": 29}, "put_user_resource": {"executed_lines": [45, 46, 47, 48, 50, 52, 53, 55, 64, 65, 70, 71, 72, 76, 77, 80, 81, 83, 84, 95, 97, 99], "summary": {"covered_lines": 22, "num_statements": 30, "percent_covered": 73.33333333333333, "percent_covered_display": "73", "missing_lines": 8, "excluded_lines": 0, "percent_statements_covered": 73.33333333333333, "percent_statements_covered_display": "73"}, "missing_lines": [49, 78, 85, 87, 88, 89, 91, 93], "excluded_lines": [], "start_line": 44}, "": {"executed_lines": [3, 4, 6, 7, 8, 9, 10, 11, 13, 14, 17, 21, 29, 44], "summary": {"covered_lines": 14, "num_statements": 14, "percent_covered": 100.0, "percent_covered_display": "100", "missing_lines": 0, "excluded_lines": 0, "percent_statements_covered": 100.0, "percent_statements_covered_display": "100"}, "missing_lines": [], "excluded_lines": [], "start_line": 1}}, "classes": {"": {"executed_lines": [3, 4, 6, 7, 8, 9, 10, 11, 13, 14, 17, 18, 21, 22, 23, 24, 26, 29, 30, 32, 33, 34, 35, 41, 44, 45, 46, 47, 48, 50, 52, 53, 55, 64, 65, 70, 71, 72, 76, 77, 80, 81, 83, 84, 95, 97, 99], "summary": {"covered_lines": 47, "num_statements": 55, "percent_covered": 85.45454545454545, "percent_covered_display": "85", "missing_lines": 8, "excluded_lines": 0, "percent_statements_covered": 85.45454545454545, "percent_statements_covered_display": "85"}, "missing_lines": [49, 78, 85, 87, 88, 89, 91, 93], "excluded_lines": [], "start_line": 1}}}, "code/events/__init__.py": {"executed_lines": [7, 8, 10, 11, 12, 13, 25, 27, 29, 41, 43, 44, 52, 54, 55, 56, 58, 59, 60, 62, 63, 64, 65, 67, 72, 75, 81, 83, 84, 88], "summary": {"covered_lines": 30, "num_statements": 32, "percent_covered": 93.75, "percent_covered_display": "94", "missing_lines": 2, "excluded_lines": 0, "percent_statements_covered": 93.75, "percent_statements_covered_display": "94"}, "missing_lines": [45, 90], "excluded_lines": [], "functions": {"security_events_config": {"executed_lines": [43, 44, 52, 54, 55, 56, 58, 59, 60, 62, 63, 64, 65, 67, 72], "summary": {"covered_lines": 15, "num_statements": 16, "percent_covered": 93.75, "percent_covered_display": "94", "missing_lines": 1, "excluded_lines": 0, "percent_statements_covered": 93.75, "percent_statements_covered_display": "94"}, "missing_lines": [45], "excluded_lines": [], "start_line": 41}, "publish_event": {"executed_lines": [81, 83, 84, 88], "summary": {"covered_lines": 4, "num_statements": 5, "percent_covered": 80.0, "percent_covered_display": "80", "missing_lines": 1, "excluded_lines": 0, "percent_statements_covered": 80.0, "percent_statements_covered_display": "80"}, "missing_lines": [90], "excluded_lines": [], "start_line": 75}, "": {"executed_lines": [7, 8, 10, 11, 12, 13, 25, 27, 29, 41, 75], "summary": {"covered_lines": 11, "num_statements": 11, "percent_covered": 100.0, "percent_covered_display": "100", "missing_lines": 0, "excluded_lines": 0, "percent_statements_covered": 100.0, "percent_statements_covered_display": "100"}, "missing_lines": [], "excluded_lines": [], "start_line": 1}}, "classes": {"": {"executed_lines": [7, 8, 10, 11, 12, 13, 25, 27, 29, 41, 43, 44, 52, 54, 55, 56, 58, 59, 60, 62, 63, 64, 65, 67, 72, 75, 81, 83, 84, 88], "summary": {"covered_lines": 30, "num_statements": 32, "percent_covered": 93.75, "percent_covered_display": "94", "missing_lines": 2, "excluded_lines": 0, "percent_statements_covered": 93.75, "percent_statements_covered_display": "94"}, "missing_lines": [45, 90], "excluded_lines": [], "start_line": 1}}}, "code/events/async_jobs.py": {"executed_lines": [5, 6, 7, 8, 9, 10, 12, 13, 15, 16, 17, 18, 19, 21, 23, 24, 25, 28, 29, 32, 33, 37, 38, 39, 40, 41, 42, 45, 46, 47, 49, 52, 60, 61, 65, 67, 68, 69, 71, 72, 73, 76, 77, 78, 81, 82, 83, 86, 88, 91, 93, 96, 100, 101, 102, 105, 110, 111, 114, 115, 116, 118, 121, 122, 124, 125, 127, 128, 133, 144, 149, 154, 155, 156, 157, 158, 159, 160, 161, 178, 179, 180, 181, 186, 187, 190, 202, 208, 209, 211, 212, 213, 215, 216, 217, 218, 220, 221, 223, 224, 225, 226, 234, 239, 243, 244, 247, 253, 254, 255, 256, 265, 275, 281, 282, 283, 284, 287], "summary": {"covered_lines": 118, "num_statements": 159, "percent_covered": 74.21383647798743, "percent_covered_display": "74", "missing_lines": 41, "excluded_lines": 0, "percent_statements_covered": 74.21383647798743, "percent_statements_covered_display": "74"}, "missing_lines": [48, 53, 54, 55, 56, 57, 66, 70, 117, 123, 126, 129, 130, 134, 135, 136, 137, 162, 163, 164, 165, 166, 167, 168, 169, 170, 175, 176, 182, 183, 196, 197, 198, 199, 227, 228, 235, 236, 237, 260, 286], "excluded_lines": [], "functions": {"async_result_location": {"executed_lines": [46, 47, 49], "summary": {"covered_lines": 3, "num_statements": 4, "percent_covered": 75.0, "percent_covered_display": "75", "missing_lines": 1, "excluded_lines": 0, "percent_statements_covered": 75.0, "percent_statements_covered_display": "75"}, "missing_lines": [48], "excluded_lines": [], "start_line": 45}, "_resource_uri_from_request": {"executed_lines": [], "summary": {"covered_lines": 0, "num_statements": 5, "percent_covered": 0.0, "percent_covered_display": "0", "missing_lines": 5, "excluded_lines": 0, "percent_statements_covered": 0.0, "percent_statements_covered_display": "0"}, "missing_lines": [53, 54, 55, 56, 57], "excluded_lines": [], "start_line": 52}, "_operation_result": {"executed_lines": [61, 65, 67, 68, 69, 71, 72, 73], "summary": {"covered_lines": 8, "num_statements": 10, "percent_covered": 80.0, "percent_covered_display": "80", "missing_lines": 2, "excluded_lines": 0, "percent_statements_covered": 80.0, "percent_statements_covered_display": "80"}, "missing_lines": [66, 70], "excluded_lines": [], "start_line": 60}, "store_async_result": {"executed_lines": [77, 78], "summary": {"covered_lines": 2, "num_statements": 2, "percent_covered": 100.0, "percent_covered_display": "100", "missing_lines": 0, "excluded_lines": 0, "percent_statements_covered": 100.0, "percent_statements_covered_display": "100"}, "missing_lines": [], "excluded_lines": [], "start_line": 76}, "get_async_result": {"executed_lines": [82, 83], "summary": {"covered_lines": 2, "num_statements": 2, "percent_covered": 100.0, "percent_covered_display": "100", "missing_lines": 0, "excluded_lines": 0, "percent_statements_covered": 100.0, "percent_statements_covered_display": "100"}, "missing_lines": [], "excluded_lines": [], "start_line": 81}, "clear_async_results": {"executed_lines": [88], "summary": {"covered_lines": 1, "num_statements": 1, "percent_covered": 100.0, "percent_covered_display": "100", "missing_lines": 0, "excluded_lines": 0, "percent_statements_covered": 100.0, "percent_statements_covered_display": "100"}, "missing_lines": [], "excluded_lines": [], "start_line": 86}, "bulk_operation_txn": {"executed_lines": [93], "summary": {"covered_lines": 1, "num_statements": 1, "percent_covered": 100.0, "percent_covered_display": "100", "missing_lines": 0, "excluded_lines": 0, "percent_statements_covered": 100.0, "percent_statements_covered_display": "100"}, "missing_lines": [], "excluded_lines": [], "start_line": 91}, "build_async_response_set": {"executed_lines": [100, 101, 102], "summary": {"covered_lines": 3, "num_statements": 3, "percent_covered": 100.0, "percent_covered_display": "100", "missing_lines": 0, "excluded_lines": 0, "percent_statements_covered": 100.0, "percent_statements_covered_display": "100"}, "missing_lines": [], "excluded_lines": [], "start_line": 96}, "build_bulk_async_response_set": {"executed_lines": [110, 111], "summary": {"covered_lines": 2, "num_statements": 2, "percent_covered": 100.0, "percent_covered_display": "100", "missing_lines": 0, "excluded_lines": 0, "percent_statements_covered": 100.0, "percent_statements_covered_display": "100"}, "missing_lines": [], "excluded_lines": [], "start_line": 105}, "_resource_uri_from_request_path": {"executed_lines": [115, 116, 118], "summary": {"covered_lines": 3, "num_statements": 4, "percent_covered": 75.0, "percent_covered_display": "75", "missing_lines": 1, "excluded_lines": 0, "percent_statements_covered": 75.0, "percent_statements_covered_display": "75"}, "missing_lines": [117], "excluded_lines": [], "start_line": 114}, "_response_body_from_response": {"executed_lines": [122, 124, 125, 127, 128], "summary": {"covered_lines": 5, "num_statements": 9, "percent_covered": 55.55555555555556, "percent_covered_display": "56", "missing_lines": 4, "excluded_lines": 0, "percent_statements_covered": 55.55555555555556, "percent_statements_covered_display": "56"}, "missing_lines": [123, 126, 129, 130], "excluded_lines": [], "start_line": 121}, "_error_from_exception": {"executed_lines": [], "summary": {"covered_lines": 0, "num_statements": 4, "percent_covered": 0.0, "percent_covered_display": "0", "missing_lines": 4, "excluded_lines": 0, "percent_statements_covered": 0.0, "percent_statements_covered_display": "0"}, "missing_lines": [134, 135, 136, 137], "excluded_lines": [], "start_line": 133}, "_execute_async_job": {"executed_lines": [149, 154, 155, 156, 157, 158, 159, 160, 161, 178, 179, 180, 181], "summary": {"covered_lines": 13, "num_statements": 26, "percent_covered": 50.0, "percent_covered_display": "50", "missing_lines": 13, "excluded_lines": 0, "percent_statements_covered": 50.0, "percent_statements_covered_display": "50"}, "missing_lines": [162, 163, 164, 165, 166, 167, 168, 169, 170, 175, 176, 182, 183], "excluded_lines": [], "start_line": 144}, "_inline_async_enabled": {"executed_lines": [187], "summary": {"covered_lines": 1, "num_statements": 1, "percent_covered": 100.0, "percent_covered_display": "100", "missing_lines": 0, "excluded_lines": 0, "percent_statements_covered": 100.0, "percent_statements_covered_display": "100"}, "missing_lines": [], "excluded_lines": [], "start_line": 186}, "schedule_async_request": {"executed_lines": [], "summary": {"covered_lines": 0, "num_statements": 4, "percent_covered": 0.0, "percent_covered_display": "0", "missing_lines": 4, "excluded_lines": 0, "percent_statements_covered": 0.0, "percent_statements_covered_display": "0"}, "missing_lines": [196, 197, 198, 199], "excluded_lines": [], "start_line": 190}, "_execute_bulk_async": {"executed_lines": [208, 209, 211, 212, 213, 215, 216, 217, 218, 220, 221, 223, 224, 225, 226, 234, 239, 243, 244], "summary": {"covered_lines": 19, "num_statements": 24, "percent_covered": 79.16666666666667, "percent_covered_display": "79", "missing_lines": 5, "excluded_lines": 0, "percent_statements_covered": 79.16666666666667, "percent_statements_covered_display": "79"}, "missing_lines": [227, 228, 235, 236, 237], "excluded_lines": [], "start_line": 202}, "accept_bulk_async_response": {"executed_lines": [253, 254, 255, 256, 265], "summary": {"covered_lines": 5, "num_statements": 6, "percent_covered": 83.33333333333333, "percent_covered_display": "83", "missing_lines": 1, "excluded_lines": 0, "percent_statements_covered": 83.33333333333333, "percent_statements_covered_display": "83"}, "missing_lines": [260], "excluded_lines": [], "start_line": 247}, "accept_async_response": {"executed_lines": [281, 282, 283, 284, 287], "summary": {"covered_lines": 5, "num_statements": 6, "percent_covered": 83.33333333333333, "percent_covered_display": "83", "missing_lines": 1, "excluded_lines": 0, "percent_statements_covered": 83.33333333333333, "percent_statements_covered_display": "83"}, "missing_lines": [286], "excluded_lines": [], "start_line": 275}, "": {"executed_lines": [5, 6, 7, 8, 9, 10, 12, 13, 15, 16, 17, 18, 19, 21, 23, 24, 25, 28, 29, 32, 33, 37, 38, 39, 40, 41, 42, 45, 52, 60, 76, 81, 86, 91, 96, 105, 114, 121, 133, 144, 186, 190, 202, 247, 275], "summary": {"covered_lines": 45, "num_statements": 45, "percent_covered": 100.0, "percent_covered_display": "100", "missing_lines": 0, "excluded_lines": 0, "percent_statements_covered": 100.0, "percent_statements_covered_display": "100"}, "missing_lines": [], "excluded_lines": [], "start_line": 1}}, "classes": {"AsyncJobRecord": {"executed_lines": [], "summary": {"covered_lines": 0, "num_statements": 0, "percent_covered": 100.0, "percent_covered_display": "100", "missing_lines": 0, "excluded_lines": 0, "percent_statements_covered": 100.0, "percent_statements_covered_display": "100"}, "missing_lines": [], "excluded_lines": [], "start_line": 33}, "": {"executed_lines": [5, 6, 7, 8, 9, 10, 12, 13, 15, 16, 17, 18, 19, 21, 23, 24, 25, 28, 29, 32, 33, 37, 38, 39, 40, 41, 42, 45, 46, 47, 49, 52, 60, 61, 65, 67, 68, 69, 71, 72, 73, 76, 77, 78, 81, 82, 83, 86, 88, 91, 93, 96, 100, 101, 102, 105, 110, 111, 114, 115, 116, 118, 121, 122, 124, 125, 127, 128, 133, 144, 149, 154, 155, 156, 157, 158, 159, 160, 161, 178, 179, 180, 181, 186, 187, 190, 202, 208, 209, 211, 212, 213, 215, 216, 217, 218, 220, 221, 223, 224, 225, 226, 234, 239, 243, 244, 247, 253, 254, 255, 256, 265, 275, 281, 282, 283, 284, 287], "summary": {"covered_lines": 118, "num_statements": 159, "percent_covered": 74.21383647798743, "percent_covered_display": "74", "missing_lines": 41, "excluded_lines": 0, "percent_statements_covered": 74.21383647798743, "percent_statements_covered_display": "74"}, "missing_lines": [48, 53, 54, 55, 56, 57, 66, 70, 117, 123, 126, 129, 130, 134, 135, 136, 137, 162, 163, 164, 165, 166, 167, 168, 169, 170, 175, 176, 182, 183, 196, 197, 198, 199, 227, 228, 235, 236, 237, 260, 286], "excluded_lines": [], "start_line": 1}}}, "code/events/builder.py": {"executed_lines": [5, 6, 7, 8, 10, 11, 24, 25, 27, 29, 31, 38, 46, 47, 50, 51, 54, 60, 64, 65, 66, 67, 68, 71, 77, 78, 79, 80, 81, 85, 92, 93, 94, 95, 98, 99, 100, 103, 104, 105, 108, 115, 116, 118, 119, 141, 142, 144, 145, 146, 147, 149, 150, 151, 152, 153, 154, 157, 164, 165, 166, 167, 172, 173, 174, 175, 176, 179, 188, 190, 191, 194, 203, 204, 205, 206, 207, 210, 219, 220, 221, 222, 227, 228, 237, 247, 248, 249, 251, 252, 257, 264], "summary": {"covered_lines": 92, "num_statements": 107, "percent_covered": 85.98130841121495, "percent_covered_display": "86", "missing_lines": 15, "excluded_lines": 0, "percent_statements_covered": 85.98130841121495, "percent_statements_covered_display": "86"}, "missing_lines": [82, 83, 84, 87, 88, 89, 120, 121, 122, 123, 124, 125, 127, 132, 192], "excluded_lines": [], "functions": {"new_jti": {"executed_lines": [47], "summary": {"covered_lines": 1, "num_statements": 1, "percent_covered": 100.0, "percent_covered_display": "100", "mis
[...]
missing_lines": [], "excluded_lines": [], "start_line": 190}, "": {"executed_lines": [3, 4, 6, 7, 8, 9, 11, 12, 15, 16, 17, 20, 23, 24, 25, 28, 30, 35, 37, 41, 46, 48, 60, 63, 65, 66, 67, 70, 73, 75, 76, 77, 80, 81, 82, 83, 84, 86, 87, 89, 90, 91, 96, 97, 100, 103, 105, 106, 107, 110, 111, 114, 121, 124, 129, 132, 133, 134, 135, 138, 139, 140, 143, 146, 149, 153, 154, 155, 160, 164, 167, 170, 171, 172, 175, 178, 181, 183, 184, 185, 187, 190, 195, 196, 197, 198, 199, 200, 201, 202, 203, 206, 218, 221, 222, 228, 229, 232, 237, 238, 242, 243, 244, 247, 250, 252, 260, 266, 268, 269, 270, 274, 281, 287, 289, 292, 307, 323, 326, 328, 330, 331, 332, 334, 335, 336, 337, 338, 341, 342, 343, 348, 351, 374, 375, 378, 380, 381, 383, 388, 389, 392, 393, 402, 403, 405, 406], "summary": {"covered_lines": 147, "num_statements": 157, "percent_covered": 93.63057324840764, "percent_covered_display": "94", "missing_lines": 10, "excluded_lines": 0, "percent_statements_covered": 93.63057324840764, "percent_statements_covered_display": "94"}, "missing_lines": [68, 69, 98, 230, 245, 368, 369, 397, 399, 400], "excluded_lines": [], "start_line": 1}}}, "code/scim_errors.py": {"executed_lines": [5, 7, 8, 9, 10, 12, 14, 15, 20, 27, 32, 33, 34, 37, 39, 40, 41, 43, 45, 47, 49, 59, 65, 71, 74, 79, 86, 89, 90, 94, 95, 96, 97, 98, 99, 100, 101, 102, 103, 104, 114, 115, 130, 131], "summary": {"covered_lines": 44, "num_statements": 58, "percent_covered": 75.86206896551724, "percent_covered_display": "76", "missing_lines": 14, "excluded_lines": 0, "percent_statements_covered": 75.86206896551724, "percent_statements_covered_display": "76"}, "missing_lines": [42, 44, 46, 48, 72, 109, 119, 120, 125, 135, 136, 137, 141, 146], "excluded_lines": [], "functions": {"build_scim_error": {"executed_lines": [27, 32, 33, 34], "summary": {"covered_lines": 4, "num_statements": 4, "percent_covered": 100.0, "percent_covered_display": "100", "missing_lines": 0, "excluded_lines": 0, "percent_statements_covered": 100.0, "percent_statements_covered_display": "100"}, "missing_lines": [], "excluded_lines": [], "start_line": 20}, "is_scim_api_path": {"executed_lines": [39, 40, 41, 43, 45, 47, 49, 59], "summary": {"covered_lines": 8, "num_statements": 12, "percent_covered": 66.66666666666667, "percent_covered_display": "67", "missing_lines": 4, "excluded_lines": 0, "percent_statements_covered": 66.66666666666667, "percent_statements_covered_display": "67"}, "missing_lines": [42, 44, 46, 48], "excluded_lines": [], "start_line": 37}, "scim_error_response": {"executed_lines": [71, 74, 79], "summary": {"covered_lines": 3, "num_statements": 4, "percent_covered": 75.0, "percent_covered_display": "75", "missing_lines": 1, "excluded_lines": 0, "percent_statements_covered": 75.0, "percent_statements_covered_display": "75"}, "missing_lines": [72], "excluded_lines": [], "start_line": 65}, "register_scim_exception_handlers": {"executed_lines": [89, 90, 114, 115, 130, 131], "summary": {"covered_lines": 6, "num_statements": 6, "percent_covered": 100.0, "percent_covered_display": "100", "missing_lines": 0, "excluded_lines": 0, "percent_statements_covered": 100.0, "percent_statements_covered_display": "100"}, "missing_lines": [], "excluded_lines": [], "start_line": 86}, "register_scim_exception_handlers.scim_http_exception_handler": {"executed_lines": [94, 95, 96, 97, 98, 99, 100, 101, 102, 103, 104], "summary": {"covered_lines": 11, "num_statements": 12, "percent_covered": 91.66666666666667, "percent_covered_display": "92", "missing_lines": 1, "excluded_lines": 0, "percent_statements_covered": 91.66666666666667, "percent_statements_covered_display": "92"}, "missing_lines": [109], "excluded_lines": [], "start_line": 90}, "register_scim_exception_handlers.scim_starlette_http_exception_handler": {"executed_lines": [], "summary": {"covered_lines": 0, "num_statements": 3, "percent_covered": 0.0, "percent_covered_display": "0", "missing_lines": 3, "excluded_lines": 0, "percent_statements_covered": 0.0, "percent_statements_covered_display": "0"}, "missing_lines": [119, 120, 125], "excluded_lines": [], "start_line": 115}, "register_scim_exception_handlers.scim_validation_exception_handler": {"executed_lines": [], "summary": {"covered_lines": 0, "num_statements": 5, "percent_covered": 0.0, "percent_covered_display": "0", "missing_lines": 5, "excluded_lines": 0, "percent_statements_covered": 0.0, "percent_statements_covered_display": "0"}, "missing_lines": [135, 136, 137, 141, 146], "excluded_lines": [], "start_line": 131}, "": {"executed_lines": [5, 7, 8, 9, 10, 12, 14, 15, 20, 37, 65, 86], "summary": {"covered_lines": 12, "num_statements": 12, "percent_covered": 100.0, "percent_covered_display": "100", "missing_lines": 0, "excluded_lines": 0, "percent_statements_covered": 100.0, "percent_statements_covered_display": "100"}, "missing_lines": [], "excluded_lines": [], "start_line": 1}}, "classes": {"": {"executed_lines": [5, 7, 8, 9, 10, 12, 14, 15, 20, 27, 32, 33, 34, 37, 39, 40, 41, 43, 45, 47, 49, 59, 65, 71, 74, 79, 86, 89, 90, 94, 95, 96, 97, 98, 99, 100, 101, 102, 103, 104, 114, 115, 130, 131], "summary": {"covered_lines": 44, "num_statements": 58, "percent_covered": 75.86206896551724, "percent_covered_display": "76", "missing_lines": 14, "excluded_lines": 0, "percent_statements_covered": 75.86206896551724, "percent_statements_covered_display": "76"}, "missing_lines": [42, 44, 46, 48, 72, 109, 119, 120, 125, 135, 136, 137, 141, 146], "excluded_lines": [], "start_line": 1}}}, "code/services/__init__.py": {"executed_lines": [], "summary": {"covered_lines": 0, "num_statements": 0, "percent_covered": 100.0, "percent_covered_display": "100", "missing_lines": 0, "excluded_lines": 0, "percent_statements_covered": 100.0, "percent_statements_covered_display": "100"}, "missing_lines": [], "excluded_lines": [], "functions": {"": {"executed_lines": [], "summary": {"covered_lines": 0, "num_statements": 0, "percent_covered": 100.0, "percent_covered_display": "100", "missing_lines": 0, "excluded_lines": 0, "percent_statements_covered": 100.0, "percent_statements_covered_display": "100"}, "missing_lines": [], "excluded_lines": [], "start_line": 1}}, "classes": {"": {"executed_lines": [], "summary": {"covered_lines": 0, "num_statements": 0, "percent_covered": 100.0, "percent_covered_display": "100", "missing_lines": 0, "excluded_lines": 0, "percent_statements_covered": 100.0, "percent_statements_covered_display": "100"}, "missing_lines": [], "excluded_lines": [], "start_line": 1}}}, "code/services/groups.py": {"executed_lines": [5, 7, 9, 10, 11, 12, 16, 17, 20, 29, 57, 96, 141], "summary": {"covered_lines": 13, "num_statements": 83, "percent_covered": 15.662650602409638, "percent_covered_display": "16", "missing_lines": 70, "excluded_lines": 0, "percent_statements_covered": 15.662650602409638, "percent_statements_covered_display": "16"}, "missing_lines": [21, 22, 34, 35, 36, 37, 39, 42, 44, 45, 46, 47, 48, 49, 50, 51, 52, 53, 54, 64, 65, 66, 68, 69, 71, 72, 73, 74, 76, 79, 81, 82, 83, 84, 85, 86, 87, 90, 91, 92, 93, 103, 104, 105, 107, 108, 110, 111, 112, 113, 115, 116, 118, 119, 120, 124, 125, 126, 132, 135, 136, 137, 138, 146, 147, 148, 150, 151, 152, 153], "excluded_lines": [], "functions": {"_scim_error": {"executed_lines": [], "summary": {"covered_lines": 0, "num_statements": 2, "percent_covered": 0.0, "percent_covered_display": "0", "missing_lines": 2, "excluded_lines": 0, "percent_statements_covered": 0.0, "percent_statements_covered_display": "0"}, "missing_lines": [21, 22], "excluded_lines": [], "start_line": 20}, "create_group": {"executed_lines": [], "summary": {"covered_lines": 0, "num_statements": 17, "percent_covered": 0.0, "percent_covered_display": "0", "missing_lines": 17, "excluded_lines": 0, "percent_statements_covered": 0.0, "percent_statements_covered_display": "0"}, "missing_lines": [34, 35, 36, 37, 39, 42, 44, 45, 46, 47, 48, 49, 50, 51, 52, 53, 54], "excluded_lines": [], "start_line": 29}, "update_group": {"executed_lines": [], "summary": {"covered_lines": 0, "num_statements": 22, "percent_covered": 0.0, "percent_covered_display": "0", "missing_lines": 22, "excluded_lines": 0, "percent_statements_covered": 0.0, "percent_statements_covered_display": "0"}, "missing_lines": [64, 65, 66, 68, 69, 71, 72, 73, 74, 76, 79, 81, 82, 83, 84, 85, 86, 87, 90, 91, 92, 93], "excluded_lines": [], "start_line": 57}, "patch_group": {"executed_lines": [], "summary": {"covered_lines": 0, "num_statements": 22, "percent_covered": 0.0, "percent_covered_display": "0", "missing_lines": 22, "excluded_lines": 0, "percent_statements_covered": 0.0, "percent_statements_covered_display": "0"}, "missing_lines": [103, 104, 105, 107, 108, 110, 111, 112, 113, 115, 116, 118, 119, 120, 124, 125, 126, 132, 135, 136, 137, 138], "excluded_lines": [], "start_line": 96}, "delete_group": {"executed_lines": [], "summary": {"covered_lines": 0, "num_statements": 7, "percent_covered": 0.0, "percent_covered_display": "0", "missing_lines": 7, "excluded_lines": 0, "percent_statements_covered": 0.0, "percent_statements_covered_display": "0"}, "missing_lines": [146, 147, 148, 150, 151, 152, 153], "excluded_lines": [], "start_line": 141}, "": {"executed_lines": [5, 7, 9, 10, 11, 12, 16, 17, 20, 29, 57, 96, 141], "summary": {"covered_lines": 13, "num_statements": 13, "percent_covered": 100.0, "percent_covered_display": "100", "missing_lines": 0, "excluded_lines": 0, "percent_statements_covered": 100.0, "percent_statements_covered_display": "100"}, "missing_lines": [], "excluded_lines": [], "start_line": 1}}, "classes": {"": {"executed_lines": [5, 7, 9, 10, 11, 12, 16, 17, 20, 29, 57, 96, 141], "summary": {"covered_lines": 13, "num_statements": 83, "percent_covered": 15.662650602409638, "percent_covered_display": "16", "missing_lines": 70, "excluded_lines": 0, "percent_statements_covered": 15.662650602409638, "percent_statements_covered_display": "16"}, "missing_lines": [21, 22, 34, 35, 36, 37, 39, 42, 44, 45, 46, 47, 48, 49, 50, 51, 52, 53, 54, 64, 65, 66, 68, 69, 71, 72, 73, 74, 76, 79, 81, 82, 83, 84, 85, 86, 87, 90, 91, 92, 93, 103, 104, 105, 107, 108, 110, 111, 112, 113, 115, 116, 118, 119, 120, 124, 125, 126, 132, 135, 136, 137, 138, 146, 147, 148, 150, 151, 152, 153], "excluded_lines": [], "start_line": 1}}}, "code/services/users.py": {"executed_lines": [5, 6, 8, 9, 10, 12, 13, 14, 15, 16, 17, 18, 21, 22, 23, 30, 35, 36, 40, 43, 48, 49, 50, 51, 52, 53, 54, 59, 101, 108, 109, 110, 112, 115, 116, 120, 123, 124, 125, 129, 130, 131, 137, 138, 140, 141, 149], "summary": {"covered_lines": 47, "num_statements": 101, "percent_covered": 46.53465346534654, "percent_covered_display": "47", "missing_lines": 54, "excluded_lines": 0, "percent_statements_covered": 46.53465346534654, "percent_statements_covered_display": "47"}, "missing_lines": [37, 38, 41, 46, 55, 56, 66, 67, 68, 70, 71, 73, 74, 75, 76, 78, 79, 81, 84, 86, 87, 88, 89, 90, 91, 92, 93, 94, 95, 96, 97, 98, 113, 117, 118, 121, 139, 142, 143, 144, 145, 146, 154, 155, 156, 158, 159, 160, 161, 162, 163, 164, 166, 167], "excluded_lines": [], "functions": {"_scim_error": {"executed_lines": [22, 23], "summary": {"covered_lines": 2, "num_statements": 2, "percent_covered": 100.0, "percent_covered_display": "100", "missing_lines": 0, "excluded_lines": 0, "percent_statements_covered": 100.0, "percent_statements_covered_display": "100"}, "missing_lines": [], "excluded_lines": [], "start_line": 21}, "create_user": {"executed_lines": [35, 36, 40, 43, 48, 49, 50, 51, 52, 53, 54], "summary": {"covered_lines": 11, "num_statements": 17, "percent_covered": 64.70588235294117, "percent_covered_display": "65", "missing_lines": 6, "excluded_lines": 0, "percent_statements_covered": 64.70588235294117, "percent_statements_covered_display": "65"}, "missing_lines": [37, 38, 41, 46, 55, 56], "excluded_lines": [], "start_line": 30}, "update_user": {"executed_lines": [], "summary": {"covered_lines": 0, "num_statements": 26, "percent_covered": 0.0, "percent_covered_display": "0", "missing_lines": 26, "excluded_lines": 0, "percent_statements_covered": 0.0, "percent_statements_covered_display": "0"}, "missing_lines": [66, 67, 68, 70, 71, 73, 74, 75, 76, 78, 79, 81, 84, 86, 87, 88, 89, 90, 91, 92, 93, 94, 95, 96, 97, 98], "excluded_lines": [], "start_line": 59}, "patch_user": {"executed_lines": [108, 109, 110, 112, 115, 116, 120, 123, 124, 125, 129, 130, 131, 137, 138, 140, 141], "summary": {"covered_lines": 17, "num_statements": 27, "percent_covered": 62.96296296296296, "percent_covered_display": "63", "missing_lines": 10, "excluded_lines": 0, "percent_statements_covered": 62.96296296296296, "percent_statements_covered_display": "63"}, "missing_lines": [113, 117, 118, 121, 139, 142, 143, 144, 145, 146], "excluded_lines": [], "start_line": 101}, "delete_user": {"executed_lines": [], "summary": {"covered_lines": 0, "num_statements": 12, "percent_covered": 0.0, "percent_covered_display": "0", "missing_lines": 12, "excluded_lines": 0, "percent_statements_covered": 0.0, "percent_statements_covered_display": "0"}, "missing_lines": [154, 155, 156, 158, 159, 160, 161, 162, 163, 164, 166, 167], "excluded_lines": [], "start_line": 149}, "": {"executed_lines": [5, 6, 8, 9, 10, 12, 13, 14, 15, 16, 17, 18, 21, 30, 59, 101, 149], "summary": {"covered_lines": 17, "num_statements": 17, "percent_covered": 100.0, "percent_covered_display": "100", "missing_lines": 0, "excluded_lines": 0, "percent_statements_covered": 100.0, "percent_statements_covered_display": "100"}, "missing_lines": [], "excluded_lines": [], "start_line": 1}}, "classes": {"": {"executed_lines": [5, 6, 8, 9, 10, 12, 13, 14, 15, 16, 17, 18, 21, 22, 23, 30, 35, 36, 40, 43, 48, 49, 50, 51, 52, 53, 54, 59, 101, 108, 109, 110, 112, 115, 116, 120, 123, 124, 125, 129, 130, 131, 137, 138, 140, 141, 149], "summary": {"covered_lines": 47, "num_statements": 101, "percent_covered": 46.53465346534654, "percent_covered_display": "47", "missing_lines": 54, "excluded_lines": 0, "percent_statements_covered": 46.53465346534654, "percent_statements_covered_display": "47"}, "missing_lines": [37, 38, 41, 46, 55, 56, 66, 67, 68, 70, 71, 73, 74, 75, 76, 78, 79, 81, 84, 86, 87, 88, 89, 90, 91, 92, 93, 94, 95, 96, 97, 98, 113, 117, 118, 121, 139, 142, 143, 144, 145, 146, 154, 155, 156, 158, 159, 160, 161, 162, 163, 164, 166, 167], "excluded_lines": [], "start_line": 1}}}, "code/versioning.py": {"executed_lines": [5, 6, 8, 11, 12, 15, 17, 18, 19, 20, 25, 28, 29, 31, 32, 33, 34, 35, 39, 40, 41, 42, 48, 49, 50, 51, 52, 54, 57, 59, 61, 62, 63, 64, 65, 71, 72, 73, 76, 77, 78, 79, 80, 83, 84, 86, 87, 89, 92, 100, 102, 103, 104, 105, 106], "summary": {"covered_lines": 55, "num_statements": 69, "percent_covered": 79.71014492753623, "percent_covered_display": "80", "missing_lines": 14, "excluded_lines": 0, "percent_statements_covered": 79.71014492753623, "percent_statements_covered_display": "80"}, "missing_lines": [21, 22, 23, 24, 30, 36, 43, 44, 45, 53, 60, 85, 88, 101], "excluded_lines": [], "functions": {"new_version": {"executed_lines": [12], "summary": {"covered_lines": 1, "num_statements": 1, "percent_covered": 100.0, "percent_covered_display": "100", "missing_lines": 0, "excluded_lines": 0, "percent_statements_covered": 100.0, "percent_statements_covered_display": "100"}, "missing_lines": [], "excluded_lines": [], "start_line": 11}, "bump_resource_meta": {"executed_lines": [17, 18, 19, 20, 25], "summary": {"covered_lines": 5, "num_statements": 9, "percent_covered": 55.55555555555556, "percent_covered_display": "56", "missing_lines": 4, "excluded_lines": 0, "percent_statements_covered": 55.55555555555556, "percent_statements_covered_display": "56"}, "missing_lines": [21, 22, 23, 24], "excluded_lines": [], "start_line": 15}, "resource_version": {"executed_lines": [29, 31, 32, 33, 34, 35], "summary": {"covered_lines": 6, "num_statements": 8, "percent_covered": 75.0, "percent_covered_display": "75", "missing_lines": 2, "excluded_lines": 0, "percent_statements_covered": 75.0, "percent_statements_covered_display": "75"}, "missing_lines": [30, 36], "excluded_lines": [], "start_line": 28}, "_normalize_etag": {"executed_lines": [40, 41, 42], "summary": {"covered_lines": 3, "num_statements": 6, "percent_covered": 50.0, "percent_covered_display": "50", "missing_lines": 3, "excluded_lines": 0, "percent_statements_covered": 50.0, "percent_statements_covered_display": "50"}, "missing_lines": [43, 44, 45], "excluded_lines": [], "start_line": 39}, "etag_matches": {"executed_lines": [49, 50, 51, 52, 54], "summary": {"covered_lines": 5, "num_statements": 6, "percent_covered": 83.33333333333333, "percent_covered_display": "83", "missing_lines": 1, "excluded_lines": 0, "percent_statements_covered": 83.33333333333333, "percent_statements_covered_display": "83"}, "missing_lines": [53], "excluded_lines": [], "start_line": 48}, "check_if_match": {"executed_lines": [59, 61, 62, 63, 64, 65], "summary": {"covered_lines": 6, "num_statements": 7, "percent_covered": 85.71428571428571, "percent_covered_display": "86", "missing_lines": 1, "excluded_lines": 0, "percent_statements_covered": 85.71428571428571, "percent_statements_covered_display": "86"}, "missing_lines": [60], "excluded_lines": [], "start_line": 57}, "set_etag_header": {"executed_lines": [72, 73], "summary": {"covered_lines": 2, "num_statements": 2, "percent_covered": 100.0, "percent_covered_display": "100", "missing_lines": 0, "excluded_lines": 0, "percent_statements_covered": 100.0, "percent_statements_covered_display": "100"}, "missing_lines": [], "excluded_lines": [], "start_line": 71}, "dump_resource": {"executed_lines": [77, 78, 79, 80], "summary": {"covered_lines": 4, "num_statements": 4, "percent_covered": 100.0, "percent_covered_display": "100", "missing_lines": 0, "excluded_lines": 0, "percent_statements_covered": 100.0, "percent_statements_covered_display": "100"}, "missing_lines": [], "excluded_lines": [], "start_line": 76}, "active_value": {"executed_lines": [84, 86, 87, 89], "summary": {"covered_lines": 4, "num_statements": 6, "percent_covered": 66.66666666666667, "percent_covered_display": "67", "missing_lines": 2, "excluded_lines": 0, "percent_statements_covered": 66.66666666666667, "percent_statements_covered_display": "67"}, "missing_lines": [85, 88], "excluded_lines": [], "start_line": 83}, "detect_active_change": {"executed_lines": [100, 102, 103, 104, 105, 106], "summary": {"covered_lines": 6, "num_statements": 7, "percent_covered": 85.71428571428571, "percent_covered_display": "86", "missing_lines": 1, "excluded_lines": 0, "percent_statements_covered": 85.71428571428571, "percent_statements_covered_display": "86"}, "missing_lines": [101], "excluded_lines": [], "start_line": 92}, "": {"executed_lines": [5, 6, 8, 11, 15, 28, 39, 48, 57, 71, 76, 83, 92], "summary": {"covered_lines": 13, "num_statements": 13, "percent_covered": 100.0, "percent_covered_display": "100", "missing_lines": 0, "excluded_lines": 0, "percent_statements_covered": 100.0, "percent_statements_covered_display": "100"}, "missing_lines": [], "excluded_lines": [], "start_line": 1}}, "classes": {"": {"executed_lines": [5, 6, 8, 11, 12, 15, 17, 18, 19, 20, 25, 28, 29, 31, 32, 33, 34, 35, 39, 40, 41, 42, 48, 49, 50, 51, 52, 54, 57, 59, 61, 62, 63, 64, 65, 71, 72, 73, 76, 77, 78, 79, 80, 83, 84, 86, 87, 89, 92, 100, 102, 103, 104, 105, 106], "summary": {"covered_lines": 55, "num_statements": 69, "percent_covered": 79.71014492753623, "percent_covered_display": "80", "missing_lines": 14, "excluded_lines": 0, "percent_statements_covered": 79.71014492753623, "percent_statements_covered_display": "80"}, "missing_lines": [21, 22, 23, 24, 30, 36, 43, 44, 45, 53, 60, 85, 88, 101], "excluded_lines": [], "start_line": 1}}}}, "totals": {"covered_lines": 1733, "num_statements": 2975, "percent_covered": 58.252100840336134, "percent_covered_display": "58", "missing_lines": 1242, "excluded_lines": 0, "percent_statements_covered": 58.252100840336134, "percent_statements_covered_display": "58"}}